\BOOKMARK [1][-]{section.1}{Einf\374hrung}{}% 1
\BOOKMARK [2][-]{subsection.1.1}{Aufgaben und Ziele der Prozessanalyse}{section.1}% 2
\BOOKMARK [2][-]{subsection.1.2}{Allgemein Strategien}{section.1}% 3
\BOOKMARK [2][-]{subsection.1.3}{Modellvorstellung zu Prozessen}{section.1}% 4
\BOOKMARK [1][-]{section.2}{Problemformulierung f\374r statische Modelle}{}% 5
\BOOKMARK [2][-]{subsubsection.2.0.1}{Einf\374hrungsbeispiel}{section.2}% 6
\BOOKMARK [3][-]{subsubsection.2.0.2}{Unterteilung statischer Modelle}{subsubsection.2.0.1}% 7
\BOOKMARK [3][-]{subsubsection.2.0.3}{Linearit\344t \(Allgemein\)}{subsubsection.2.0.1}% 8
\BOOKMARK [3][-]{subsubsection.2.0.4}{Linearit\344t und Parameterlinearit\344t}{subsubsection.2.0.1}% 9
\BOOKMARK [3][-]{subsubsection.2.0.5}{Problemformulierung}{subsubsection.2.0.1}% 10
\BOOKMARK [3][-]{subsubsection.2.0.6}{Fehlermodelle}{subsubsection.2.0.1}% 11
\BOOKMARK [3][-]{subsubsection.2.0.7}{G\374tekriterium: Normen}{subsubsection.2.0.1}% 12
\BOOKMARK [1][-]{section.3}{Methode der kleinsten Fehlerquadrate}{}% 13
\BOOKMARK [2][-]{subsection.3.1}{Basisalgorithmus}{section.3}% 14
\BOOKMARK [2][-]{subsection.3.2}{L\366sungsans\344tze f\374r unbestimmte lineare Gleichungssysteme}{section.3}% 15
\BOOKMARK [3][-]{subsubsection.3.2.1}{Erinnerung: L\366sbarkeit linearer Gleichungssystem.}{subsection.3.2}% 16
\BOOKMARK [3][-]{subsubsection.3.2.2}{Rangbestimmung und Singul\344rzerlegung}{subsection.3.2}% 17
\BOOKMARK [3][-]{subsubsection.3.2.3}{L\366sbarkeit des Systems der Normalengleichungen}{subsection.3.2}% 18
\BOOKMARK [3][-]{subsubsection.3.2.4}{L\366sung der Normalengleichungen mittels Cholesky Zerlegung}{subsection.3.2}% 19
\BOOKMARK [3][-]{subsubsection.3.2.5}{Direkte L\366sung des Quadratmittelproblems auf der Basis von Orthogonalesierungsverfahren}{subsection.3.2}% 20
\BOOKMARK [3][-]{subsubsection.3.2.6}{Direkte L\366sungsdarstellung mittels verallgemeinerter Inverser}{subsection.3.2}% 21
\BOOKMARK [2][-]{subsection.3.3}{Parameternichtlineare Modelle}{section.3}% 22
\BOOKMARK [3][-]{subsubsection.3.3.1}{Newton-Verfahren}{subsection.3.3}% 23
\BOOKMARK [3][-]{subsubsection.3.3.2}{Gauss-Newton-Verfahren}{subsection.3.3}% 24
\BOOKMARK [3][-]{subsubsection.3.3.3}{Totale MKQ}{subsection.3.3}% 25
\BOOKMARK [1][-]{section.4}{Anwendungen der MKQ}{}% 26
\BOOKMARK [2][-]{subsection.4.1}{Verallgemeinerung des Fehlermodellls}{section.4}% 27
\BOOKMARK [3][-]{subsubsection.4.1.1}{Einf\374hrungsbeispiel: Diodenmodell}{subsection.4.1}% 28
\BOOKMARK [3][-]{subsubsection.4.1.2}{Verallgemeinerter Fehler}{subsection.4.1}% 29
\BOOKMARK [2][-]{subsection.4.2}{Zeitdiskrete Modelle}{section.4}% 30
\BOOKMARK [3][-]{subsubsection.4.2.1}{\334bergang in zeitdiskreten Modellen}{subsection.4.2}% 31
\BOOKMARK [3][-]{subsubsection.4.2.2}{ARX-Modelle}{subsection.4.2}% 32
\BOOKMARK [3][-]{subsubsection.4.2.3}{Sonderfall: FIR-Filter}{subsection.4.2}% 33
\BOOKMARK [3][-]{subsubsection.4.2.4}{Weitere Modellans\344tze}{subsection.4.2}% 34
\BOOKMARK [2][-]{subsection.4.3}{Zeitkontinuierliche Modelle}{section.4}% 35
\BOOKMARK [3][-]{subsubsection.4.3.1}{ARX-Differentialgleichungsmodell}{subsection.4.3}% 36
