\BOOKMARK [0][-]{title.0}{Titelblatt}{}% 1
\BOOKMARK [0][-]{toc.0}{Inhaltsverzeichnis}{}% 2
\BOOKMARK [0][-]{chapter.1}{Einf\374hrung}{}% 3
\BOOKMARK [1][-]{section.1.1}{Systembeschreibung, Einf\374hrungsbeispiele}{chapter.1}% 4
\BOOKMARK [0][-]{chapter.2}{Grundlagen}{}% 5
\BOOKMARK [1][-]{section.2.1}{Lineare Algebra}{chapter.2}% 6
\BOOKMARK [1][-]{section.2.2}{Felder und Ableitungen}{chapter.2}% 7
\BOOKMARK [1][-]{section.2.3}{Vektorfelder und Fl\374\337e}{chapter.2}% 8
\BOOKMARK [0][-]{chapter.3}{Differentialgeometrische Begriffe}{}% 9
\BOOKMARK [1][-]{section.3.1}{Differentialoperatoren}{chapter.3}% 10
\BOOKMARK [2][-]{subsection.3.1.1}{Lie-Ableitung eines Skalarfeldes}{section.3.1}% 11
\BOOKMARK [2][-]{subsection.3.1.2}{Koordinateenwechsel eines Vektorfeldes}{section.3.1}% 12
\BOOKMARK [2][-]{subsection.3.1.3}{Lie-Ableitung eines VF}{section.3.1}% 13
\BOOKMARK [2][-]{subsection.3.1.4}{Pull-Back und Lie-Ableitung eines Kovektorfeldes}{section.3.1}% 14
\BOOKMARK [1][-]{section.3.2}{Lie-Klammer und dynamische Systeme}{chapter.3}% 15
\BOOKMARK [1][-]{section.3.3}{Distributionen und Kodistributionen}{chapter.3}% 16
\BOOKMARK [1][-]{section.3.4}{Involitive Distributionen}{chapter.3}% 17
\BOOKMARK [0][-]{chapter.4}{\374bersprungen}{}% 18
\BOOKMARK [0][-]{chapter.5}{Reglerentwurf mittels exakter Linearisierung}{}% 19
\BOOKMARK [1][-]{section.5.1}{Eingangs-Ausgangs-Linearisierung eingangsaffiner Systeme}{chapter.5}% 20
\BOOKMARK [2][-]{subsection.5.1.1}{Relativer Grad und grunds\344tzliches Vorgehen}{section.5.1}% 21
\BOOKMARK [2][-]{subsection.5.1.2}{Byrnes-Isidori Normalform}{section.5.1}% 22
