\BOOKMARK [0][-]{title.0}{Titelblatt}{}% 1
\BOOKMARK [0][-]{toc.0}{Inhaltsverzeichnis}{}% 2
\BOOKMARK [0][-]{chapter.1}{Einf\374hrung}{}% 3
\BOOKMARK [1][-]{section.1.1}{Aufgaben und Ziele der Prozessanalyse}{chapter.1}% 4
\BOOKMARK [1][-]{section.1.2}{Allgemein Strategien}{chapter.1}% 5
\BOOKMARK [1][-]{section.1.3}{Modellvorstellung zu Prozessen}{chapter.1}% 6
\BOOKMARK [0][-]{chapter.2}{Problemformulierung f\374r statische Modelle}{}% 7
\BOOKMARK [1][-]{section.2.1}{Einf\374hrungsbeispiel}{chapter.2}% 8
\BOOKMARK [1][-]{section.2.2}{Unterteilung statischer Modelle}{chapter.2}% 9
\BOOKMARK [1][-]{section.2.3}{Linearit\344t \(Allgemein\)}{chapter.2}% 10
\BOOKMARK [1][-]{section.2.4}{Linearit\344t und Parameterlinearit\344t}{chapter.2}% 11
\BOOKMARK [1][-]{section.2.5}{Problemformulierung}{chapter.2}% 12
\BOOKMARK [2][-]{subsection.2.5.1}{Fehlermodelle}{section.2.5}% 13
\BOOKMARK [2][-]{subsection.2.5.2}{G\374tekriterium: Normen}{section.2.5}% 14
\BOOKMARK [2][-]{subsection.2.5.3}{Abstand zwischen Vektoren: Metrik}{section.2.5}% 15
\BOOKMARK [0][-]{chapter.3}{Methode der kleinsten Fehlerquadrate}{}% 16
\BOOKMARK [1][-]{section.3.1}{Basisalgorithmus}{chapter.3}% 17
\BOOKMARK [1][-]{section.3.2}{L\366sungsans\344tze f\374r unbestimmte lineare Gleichungssysteme}{chapter.3}% 18
\BOOKMARK [1][-]{section.3.3}{Erinnerung: L\366sbarkeit linearer Gleichungssystem.}{chapter.3}% 19
\BOOKMARK [1][-]{section.3.4}{Rangbestimmung und Singul\344rzerlegung}{chapter.3}% 20
\BOOKMARK [1][-]{section.3.5}{L\366sbarkeit des Systems der Normalengleichungen}{chapter.3}% 21
\BOOKMARK [1][-]{section.3.6}{L\366sung der Normalengleichungen mittels Cholesky Zerlegung}{chapter.3}% 22
\BOOKMARK [1][-]{section.3.7}{Direkte L\366sung des Quadratmittelproblems auf der Basis von Orthogonalesierungsverfahren}{chapter.3}% 23
\BOOKMARK [1][-]{section.3.8}{Direkte L\366sungsdarstellung mittels verallgemeinerter Inverser}{chapter.3}% 24
\BOOKMARK [1][-]{section.3.9}{Parameternichtlineare Modelle}{chapter.3}% 25
\BOOKMARK [1][-]{section.3.10}{Newton-Verfahren}{chapter.3}% 26
\BOOKMARK [1][-]{section.3.11}{Gauss-Newton-Verfahren}{chapter.3}% 27
\BOOKMARK [1][-]{section.3.12}{Totale MKQ}{chapter.3}% 28
\BOOKMARK [0][-]{chapter.4}{Anwendungen der MKQ}{}% 29
\BOOKMARK [1][-]{section.4.1}{Verallgemeinerung des Fehlermodellls}{chapter.4}% 30
\BOOKMARK [1][-]{section.4.2}{Einf\374hrungsbeispiel: Diodenmodell}{chapter.4}% 31
\BOOKMARK [1][-]{section.4.3}{Verallgemeinerter Fehler}{chapter.4}% 32
\BOOKMARK [1][-]{section.4.4}{Zeitdiskrete Modelle}{chapter.4}% 33
\BOOKMARK [1][-]{section.4.5}{\334bergang in zeitdiskreten Modellen}{chapter.4}% 34
\BOOKMARK [1][-]{section.4.6}{ARX-Modelle}{chapter.4}% 35
\BOOKMARK [1][-]{section.4.7}{Sonderfall: FIR-Filter}{chapter.4}% 36
\BOOKMARK [1][-]{section.4.8}{Weitere Modellans\344tze}{chapter.4}% 37
\BOOKMARK [1][-]{section.4.9}{Zeitkontinuierliche Modelle}{chapter.4}% 38
\BOOKMARK [1][-]{section.4.10}{ARX-Differentialgleichungsmodell}{chapter.4}% 39
