\BOOKMARK [1][-]{section.1}{Grundbegriffe und Eigenschaften nichtlinearer Systeme}{}% 1
\BOOKMARK [2][-]{subsection.1.1}{Nichtlineare \334bertragungsglieder}{section.1}% 2
\BOOKMARK [2][-]{subsection.1.2}{Typische Ph\344nomene in nichtlinearen Systeme}{section.1}% 3
\BOOKMARK [3][-]{subsubsection.1.2.1}{Linearer Fall \(Errinerung\)}{subsection.1.2}% 4
\BOOKMARK [3][-]{subsubsection.1.2.2}{Nichtlinearer Fall}{subsection.1.2}% 5
\BOOKMARK [2][-]{subsection.1.3}{Lipschitz-Bedingung und Stetigkeit}{section.1}% 6
\BOOKMARK [1][-]{section.2}{Analyse nichtlinearer Systeme 2. Ordnung in der Phasenebene bzw, N\344he ihrer Ruhelagen, Phasenportraits}{}% 7
\BOOKMARK [2][-]{subsection.2.1}{Einf\374hrung-Motivation}{section.2}% 8
\BOOKMARK [2][-]{subsection.2.2}{Qualitatives Verhalten linearer System}{section.2}% 9
\BOOKMARK [2][-]{subsection.2.3}{Qualatatives Verhalten nichtlinearer Systeme in der N\344he ihrer Ruhelage}{section.2}% 10
\BOOKMARK [2][-]{subsection.2.4}{Konstruktion des gesamten Phasenportraits}{section.2}% 11
\BOOKMARK [2][-]{subsection.2.5}{Existenz von Dauerschwingung, bzw. Grenzzyklen}{section.2}% 12
\BOOKMARK [1][-]{section.3}{Methode der harmonische Balance }{}% 13
\BOOKMARK [2][-]{subsection.3.1}{Einf\374hrungsbeispiel}{section.3}% 14
\BOOKMARK [2][-]{subsection.3.2}{Grundlagen der Methoden}{section.3}% 15
\BOOKMARK [3][-]{subsubsection.3.2.1}{Vorrau\337etzung}{subsection.3.2}% 16
\BOOKMARK [3][-]{subsubsection.3.2.2}{Beschreibungsfunktion}{subsection.3.2}% 17
\BOOKMARK [3][-]{subsubsection.3.2.3}{Gleichung der harmonischen Balance}{subsection.3.2}% 18
\BOOKMARK [2][-]{subsection.3.3}{Berechnung der Beschreibungsfunktion}{section.3}% 19
\BOOKMARK [2][-]{subsection.3.4}{L\366sung der Gleichung der harmonischen Balance}{section.3}% 20
\BOOKMARK [2][-]{subsection.3.5}{Stabilit\344t von Dauerschwingungen}{section.3}% 21
\BOOKMARK [1][-]{section.4}{Stabilit\344t nach Ljapunov}{}% 22
\BOOKMARK [2][-]{subsection.4.1}{Stabilit\344tsbegriff}{section.4}% 23
\BOOKMARK [2][-]{subsection.4.2}{Direkte \(zweite\) Methode von Ljapunov}{section.4}% 24
\BOOKMARK [3][-]{subsubsection.4.2.1}{Einf\374hrungsbeispiel}{subsection.4.2}% 25
\BOOKMARK [3][-]{subsubsection.4.2.2}{Positiv Definite Funktionen}{subsection.4.2}% 26
\BOOKMARK [3][-]{subsubsection.4.2.3}{Stabilit\344tskriterium}{subsection.4.2}% 27
\BOOKMARK [2][-]{subsection.4.3}{Invarianzprinzip \(Satz von La Salle\)}{section.4}% 28
\BOOKMARK [2][-]{subsection.4.4}{Variable Gradientenmethode}{section.4}% 29
\BOOKMARK [1][-]{section.5}{Intergrator-Backstepping}{}% 30
\BOOKMARK [2][-]{subsection.5.1}{Einf\374hrungsbeispiel}{section.5}% 31
\BOOKMARK [2][-]{subsection.5.2}{Verallgemeinerung}{section.5}% 32
\BOOKMARK [1][-]{section.6}{Sliding-Mode-Control}{}% 33
\BOOKMARK [2][-]{subsection.6.1}{Einf\374hrungsbeispiel}{section.6}% 34
\BOOKMARK [2][-]{subsection.6.2}{ Verallgemeinerung}{section.6}% 35
\BOOKMARK [1][-]{section.7}{Feedbacklinearisierung}{}% 36
\BOOKMARK [2][-]{subsection.7.1}{Fehlt etwas}{section.7}% 37
\BOOKMARK [3][-]{subsubsection.7.1.1}{fehlt etwas}{subsection.7.1}% 38
\BOOKMARK [3][-]{subsubsection.7.1.2}{Relativer Grad}{subsection.7.1}% 39
\BOOKMARK [3][-]{subsubsection.7.1.3}{Verallgemeinerter Entwurf}{subsection.7.1}% 40
