This is pdfTeX, Version 3.14159265-2.6-1.40.16 (TeX Live 2015) (preloaded format=pdflatex 2015.10.17)  21 OCT 2015 13:36
entering extended mode
 restricted \write18 enabled.
 %&-line parsing enabled.
**NICHTLINEARE_REGELUNGSTECHNIK_2.tex
(./NICHTLINEARE_REGELUNGSTECHNIK_2.tex
LaTeX2e <2015/01/01>
Babel <3.9l> and hyphenation patterns for 79 languages loaded.
(/usr/local/texlive/2015/texmf-dist/tex/latex/tudscr/tudscrreprt.cls
Document Class: tudscrreprt 2015/02/15 v2.03 TUD-KOMA-Script document class (re
port)
The Corporate Design of Technische Universitaet Dresden
Class: tudscrreprt
Version: 2015/02/15 v2.03 TUD-KOMA-Script
Author: Falk Hanisch (tudscr@gmail.com)
http://latex.wcms-file3.tu-dresden.de/phpBB3/index.php
(/usr/local/texlive/2015/texmf-dist/tex/latex/tudscr/tudscrbase.sty
Package: tudscrbase 2015/02/15 v2.03 TUD-KOMA-Script package (basics for the bu
ndle)

(/usr/local/texlive/2015/texmf-dist/tex/latex/koma-script/scrbase.sty
Package: scrbase 2015/05/06 v3.17a KOMA-Script package (KOMA-Script-independent
 basics and keyval usage)

(/usr/local/texlive/2015/texmf-dist/tex/latex/graphics/keyval.sty
Package: keyval 2014/10/28 v1.15 key=value parser (DPC)
\KV@toks@=\toks14
)
(/usr/local/texlive/2015/texmf-dist/tex/latex/koma-script/scrlfile.sty
Package: scrlfile 2015/05/06 v3.17a KOMA-Script package (loading files)

Package scrlfile, 2015/05/06 v3.17a KOMA-Script package (loading files)
                  Copyright (C) Markus Kohm

)) (/usr/local/texlive/2015/texmf-dist/tex/generic/oberdiek/kvsetkeys.sty
Package: kvsetkeys 2012/04/25 v1.16 Key value parser (HO)

(/usr/local/texlive/2015/texmf-dist/tex/generic/oberdiek/infwarerr.sty
Package: infwarerr 2010/04/08 v1.3 Providing info/warning/error messages (HO)
)
(/usr/local/texlive/2015/texmf-dist/tex/generic/oberdiek/etexcmds.sty
Package: etexcmds 2011/02/16 v1.5 Avoid name clashes with e-TeX commands (HO)

(/usr/local/texlive/2015/texmf-dist/tex/generic/oberdiek/ifluatex.sty
Package: ifluatex 2010/03/01 v1.3 Provides the ifluatex switch (HO)
Package ifluatex Info: LuaTeX not detected.
)
Package etexcmds Info: Could not find \expanded.
(etexcmds)             That can mean that you are not using pdfTeX 1.50 or
(etexcmds)             that some package has redefined \expanded.
(etexcmds)             In the latter case, load this package earlier.
))
(/usr/local/texlive/2015/texmf-dist/tex/latex/etoolbox/etoolbox.sty
Package: etoolbox 2015/05/04 v2.2 e-TeX tools for LaTeX (JAW)
\etb@tempcnta=\count79
))
(/usr/local/texlive/2015/texmf-dist/tex/latex/textcase/textcase.sty
Package: textcase 2004/10/07 v0.07 Text only upper/lower case changing (DPC)
)
\tud@dim@extrabottommargin=\skip41

(/usr/local/texlive/2015/texmf-dist/tex/latex/koma-script/scrreprt.cls
Document Class: scrreprt 2015/05/06 v3.17a KOMA-Script document class (report)
(/usr/local/texlive/2015/texmf-dist/tex/latex/koma-script/scrkbase.sty
Package: scrkbase 2015/05/06 v3.17a KOMA-Script package (KOMA-Script-dependent 
basics and keyval usage)
)
(/usr/local/texlive/2015/texmf-dist/tex/latex/koma-script/tocbasic.sty
Package: tocbasic 2015/05/06 v3.17a KOMA-Script package (handling toc-files)
)
Package tocbasic Info: omitting babel extension for `toc'
(tocbasic)             because of feature `nobabel' available
(tocbasic)             for `toc' on input line 124.
Package tocbasic Info: omitting babel extension for `lof'
(tocbasic)             because of feature `nobabel' available
(tocbasic)             for `lof' on input line 125.
Package tocbasic Info: omitting babel extension for `lot'
(tocbasic)             because of feature `nobabel' available
(tocbasic)             for `lot' on input line 126.
Package tocbasic Info: defining new hook before heading of `' on input line 155
2.
Class scrreprt Info: File `scrsize11pt.clo' used instead of
(scrreprt)           file `scrsize11.clo' to setup font sizes on input line 214
9.

(/usr/local/texlive/2015/texmf-dist/tex/latex/koma-script/scrsize11pt.clo
File: scrsize11pt.clo 2015/05/06 v3.17a KOMA-Script font size class option (11p
t)
)
(/usr/local/texlive/2015/texmf-dist/tex/latex/koma-script/typearea.sty
Package: typearea 2015/05/06 v3.17a KOMA-Script package (type area)

Package typearea, 2015/05/06 v3.17a KOMA-Script package (type area)
                  Copyright (C) Frank Neukam, 1992-1994
                  Copyright (C) Markus Kohm, 1994-

\ta@bcor=\skip42
\ta@div=\count80
\ta@hblk=\skip43
\ta@vblk=\skip44
\ta@temp=\skip45
\footheight=\skip46
Package typearea Info: These are the values describing the layout:
(typearea)             DIV  = 10
(typearea)             BCOR = 0.0pt
(typearea)             \paperwidth      = 597.50793pt
(typearea)              \textwidth      = 418.25555pt
(typearea)              DIV departure   = -6%
(typearea)              \evensidemargin = 17.3562pt
(typearea)              \oddsidemargin  = 17.3562pt
(typearea)             \paperheight     = 845.04694pt
(typearea)              \textheight     = 595.80026pt
(typearea)              \topmargin      = -25.16531pt
(typearea)              \headheight     = 17.0pt
(typearea)              \headsep        = 20.40001pt
(typearea)              \topskip        = 11.0pt
(typearea)              \footskip       = 47.6pt
(typearea)              \baselineskip   = 13.6pt
(typearea)              on input line 1485.
)
\c@part=\count81
\c@chapter=\count82
\c@section=\count83
\c@subsection=\count84
\c@subsubsection=\count85
\c@paragraph=\count86
\c@subparagraph=\count87
LaTeX Info: Redefining \textsubscript on input line 4417.
\abovecaptionskip=\skip47
\belowcaptionskip=\skip48
\c@pti@nb@sid@b@x=\box26
\c@figure=\count88
\c@table=\count89
\bibindent=\dimen102
) (/usr/local/texlive/2015/texmf-dist/tex/latex/environ/environ.sty
Package: environ 2014/05/04 v0.3 A new way to define environments

(/usr/local/texlive/2015/texmf-dist/tex/latex/trimspaces/trimspaces.sty
Package: trimspaces 2009/09/17 v1.1 Trim spaces around a token list
)
\@envbody=\toks15
)
\tud@font@greek@upGamma=\count90
\tud@font@greek@offset=\count91
\tud@dim@widemargin=\skip49
\tud@dim@slimmargin=\skip50
\tud@dim@both=\skip51
\tud@dim@topmargin=\skip52
\tud@dim@barheight=\skip53
\tud@dim@headsep=\skip54
\tud@dim@footsep=\skip55
\tud@dim@logox=\skip56
\tud@dim@logoy=\skip57
\tud@dim@logowidth=\skip58
\tud@dim@line=\skip59
\tud@dim@heavyline=\skip60
\tud@dim@thinline=\skip61
\tud@dim@headdiff=\skip62
\tud@dim@headingsvskip=\skip63
\footlogoheight=\skip64
\tud@ta@textheight=\skip65
\tud@ta@topmargin=\skip66
\tud@ta@headheight=\skip67
\tud@ta@headsep=\skip68
\tud@ta@footheight=\skip69
\tud@ta@footskip=\skip70
\tud@ta@headdiff=\skip71
\pageheadingsvskip=\skip72
\headingsvskip=\skip73


Package tudscrbase Warning: It wasn't possible to patch `\@part'.
(tudscrbase)                Please contact the TUD-KOMA-Script maintainer
(tudscrbase)                via tudscr@gmail.com. Without a bugfix an
(tudscrbase)                erroneous output may occur on input line 3035.


Package tudscrbase Warning: It wasn't possible to patch `\@@makechapterhead'.
(tudscrbase)                Please contact the TUD-KOMA-Script maintainer
(tudscrbase)                via tudscr@gmail.com. Without a bugfix an
(tudscrbase)                erroneous output may occur on input line 3108.

\tud@title@twocolumn@box=\box27
\c@symbolheadings=\count92
\chapterheadingvskip=\skip74
) (/usr/local/texlive/2015/texmf-dist/tex/latex/oberdiek/selinput.sty
Package: selinput 2007/09/09 v1.2 Semi-automatic input encoding detection (HO)

(/usr/local/texlive/2015/texmf-dist/tex/latex/base/inputenc.sty
Package: inputenc 2015/03/17 v1.2c Input encoding file
\inpenc@prehook=\toks16
\inpenc@posthook=\toks17
)
(/usr/local/texlive/2015/texmf-dist/tex/generic/oberdiek/stringenc.sty
Package: stringenc 2011/12/02 v1.10 Convert strings between diff. encodings (HO
)

(/usr/local/texlive/2015/texmf-dist/tex/generic/oberdiek/ltxcmds.sty
Package: ltxcmds 2011/11/09 v1.22 LaTeX kernel commands for general use (HO)
)
(/usr/local/texlive/2015/texmf-dist/tex/generic/oberdiek/pdfescape.sty
Package: pdfescape 2011/11/25 v1.13 Implements pdfTeX's escape features (HO)

(/usr/local/texlive/2015/texmf-dist/tex/generic/oberdiek/pdftexcmds.sty
Package: pdftexcmds 2011/11/29 v0.20 Utility functions of pdfTeX for LuaTeX (HO
)

(/usr/local/texlive/2015/texmf-dist/tex/generic/oberdiek/ifpdf.sty
Package: ifpdf 2011/01/30 v2.3 Provides the ifpdf switch (HO)
Package ifpdf Info: pdfTeX in PDF mode is detected.
)
Package pdftexcmds Info: LuaTeX not detected.
Package pdftexcmds Info: \pdf@primitive is available.
Package pdftexcmds Info: \pdf@ifprimitive is available.
Package pdftexcmds Info: \pdfdraftmode found.
)))
(/usr/local/texlive/2015/texmf-dist/tex/latex/oberdiek/kvoptions.sty
Package: kvoptions 2011/06/30 v3.11 Key value format for package options (HO)
))
(/usr/local/texlive/2015/texmf-dist/tex/latex/oberdiek/ix-name.def
File: ix-name.def 2011/05/27 v1.10 Name list (inputenx)
)
(/usr/local/texlive/2015/texmf-dist/tex/generic/oberdiek/se-utf8.def
File: se-utf8.def 2011/12/02 v1.10 stringenc: UTF-8
)
(/usr/local/texlive/2015/texmf-dist/tex/latex/base/utf8.def
File: utf8.def 2014/09/29 v1.1m UTF-8 support for inputenc
Now handling font encoding OML ...
... no UTF-8 mapping file for font encoding OML
Now handling font encoding T1 ...
... processing UTF-8 mapping file for font encoding T1

(/usr/local/texlive/2015/texmf-dist/tex/latex/base/t1enc.dfu
File: t1enc.dfu 2014/09/29 v1.1m UTF-8 support for inputenc
   defining Unicode char U+00A1 (decimal 161)
   defining Unicode char U+00A3 (decimal 163)
   defining Unicode char U+00AB (decimal 171)
   defining Unicode char U+00BB (decimal 187)
   defining Unicode char U+00BF (decimal 191)
   defining Unicode char U+00C0 (decimal 192)
   defining Unicode char U+00C1 (decimal 193)
   defining Unicode char U+00C2 (decimal 194)
   defining Unicode char U+00C3 (decimal 195)
   defining Unicode char U+00C4 (decimal 196)
   defining Unicode char U+00C5 (decimal 197)
   defining Unicode char U+00C6 (decimal 198)
   defining Unicode char U+00C7 (decimal 199)
   defining Unicode char U+00C8 (decimal 200)
   defining Unicode char U+00C9 (decimal 201)
   defining Unicode char U+00CA (decimal 202)
   defining Unicode char U+00CB (decimal 203)
   defining Unicode char U+00CC (decimal 204)
   defining Unicode char U+00CD (decimal 205)
   defining Unicode char U+00CE (decimal 206)
   defining Unicode char U+00CF (decimal 207)
   defining Unicode char U+00D0 (decimal 208)
   defining Unicode char U+00D1 (decimal 209)
   defining Unicode char U+00D2 (decimal 210)
   defining Unicode char U+00D3 (decimal 211)
   defining Unicode char U+00D4 (decimal 212)
   defining Unicode char U+00D5 (decimal 213)
   defining Unicode char U+00D6 (decimal 214)
   defining Unicode char U+00D8 (decimal 216)
   defining Unicode char U+00D9 (decimal 217)
   defining Unicode char U+00DA (decimal 218)
   defining Unicode char U+00DB (decimal 219)
   defining Unicode char U+00DC (decimal 220)
   defining Unicode char U+00DD (decimal 221)
   defining Unicode char U+00DE (decimal 222)
   defining Unicode char U+00DF (decimal 223)
   defining Unicode char U+00E0 (decimal 224)
   defining Unicode char U+00E1 (decimal 225)
   defining Unicode char U+00E2 (decimal 226)
   defining Unicode char U+00E3 (decimal 227)
   defining Unicode char U+00E4 (decimal 228)
   defining Unicode char U+00E5 (decimal 229)
   defining Unicode char U+00E6 (decimal 230)
   defining Unicode char U+00E7 (decimal 231)
   defining Unicode char U+00E8 (decimal 232)
   defining Unicode char U+00E9 (decimal 233)
   defining Unicode char U+00EA (decimal 234)
   defining Unicode char U+00EB (decimal 235)
   defining Unicode char U+00EC (decimal 236)
   defining Unicode char U+00ED (decimal 237)
   defining Unicode char U+00EE (decimal 238)
   defining Unicode char U+00EF (decimal 239)
   defining Unicode char U+00F0 (decimal 240)
   defining Unicode char U+00F1 (decimal 241)
   defining Unicode char U+00F2 (decimal 242)
   defining Unicode char U+00F3 (decimal 243)
   defining Unicode char U+00F4 (decimal 244)
   defining Unicode char U+00F5 (decimal 245)
   defining Unicode char U+00F6 (decimal 246)
   defining Unicode char U+00F8 (decimal 248)
   defining Unicode char U+00F9 (decimal 249)
   defining Unicode char U+00FA (decimal 250)
   defining Unicode char U+00FB (decimal 251)
   defining Unicode char U+00FC (decimal 252)
   defining Unicode char U+00FD (decimal 253)
   defining Unicode char U+00FE (decimal 254)
   defining Unicode char U+00FF (decimal 255)
   defining Unicode char U+0102 (decimal 258)
   defining Unicode char U+0103 (decimal 259)
   defining Unicode char U+0104 (decimal 260)
   defining Unicode char U+0105 (decimal 261)
   defining Unicode char U+0106 (decimal 262)
   defining Unicode char U+0107 (decimal 263)
   defining Unicode char U+010C (decimal 268)
   defining Unicode char U+010D (decimal 269)
   defining Unicode char U+010E (decimal 270)
   defining Unicode char U+010F (decimal 271)
   defining Unicode char U+0110 (decimal 272)
   defining Unicode char U+0111 (decimal 273)
   defining Unicode char U+0118 (decimal 280)
   defining Unicode char U+0119 (decimal 281)
   defining Unicode char U+011A (decimal 282)
   defining Unicode char U+011B (decimal 283)
   defining Unicode char U+011E (decimal 286)
   defining Unicode char U+011F (decimal 287)
   defining Unicode char U+0130 (decimal 304)
   defining Unicode char U+0131 (decimal 305)
   defining Unicode char U+0132 (decimal 306)
   defining Unicode char U+0133 (decimal 307)
   defining Unicode char U+0139 (decimal 313)
   defining Unicode char U+013A (decimal 314)
   defining Unicode char U+013D (decimal 317)
   defining Unicode char U+013E (decimal 318)
   defining Unicode char U+0141 (decimal 321)
   defining Unicode char U+0142 (decimal 322)
   defining Unicode char U+0143 (decimal 323)
   defining Unicode char U+0144 (decimal 324)
   defining Unicode char U+0147 (decimal 327)
   defining Unicode char U+0148 (decimal 328)
   defining Unicode char U+014A (decimal 330)
   defining Unicode char U+014B (decimal 331)
   defining Unicode char U+0150 (decimal 336)
   defining Unicode char U+0151 (decimal 337)
   defining Unicode char U+0152 (decimal 338)
   defining Unicode char U+0153 (decimal 339)
   defining Unicode char U+0154 (decimal 340)
   defining Unicode char U+0155 (decimal 341)
   defining Unicode char U+0158 (decimal 344)
   defining Unicode char U+0159 (decimal 345)
   defining Unicode char U+015A (decimal 346)
   defining Unicode char U+015B (decimal 347)
   defining Unicode char U+015E (decimal 350)
   defining Unicode char U+015F (decimal 351)
   defining Unicode char U+0160 (decimal 352)
   defining Unicode char U+0161 (decimal 353)
   defining Unicode char U+0162 (decimal 354)
   defining Unicode char U+0163 (decimal 355)
   defining Unicode char U+0164 (decimal 356)
   defining Unicode char U+0165 (decimal 357)
   defining Unicode char U+016E (decimal 366)
   defining Unicode char U+016F (decimal 367)
   defining Unicode char U+0170 (decimal 368)
   defining Unicode char U+0171 (decimal 369)
   defining Unicode char U+0178 (decimal 376)
   defining Unicode char U+0179 (decimal 377)
   defining Unicode char U+017A (decimal 378)
   defining Unicode char U+017B (decimal 379)
   defining Unicode char U+017C (decimal 380)
   defining Unicode char U+017D (decimal 381)
   defining Unicode char U+017E (decimal 382)
   defining Unicode char U+200C (decimal 8204)
   defining Unicode char U+2013 (decimal 8211)
   defining Unicode char U+2014 (decimal 8212)
   defining Unicode char U+2018 (decimal 8216)
   defining Unicode char U+2019 (decimal 8217)
   defining Unicode char U+201A (decimal 8218)
   defining Unicode char U+201C (decimal 8220)
   defining Unicode char U+201D (decimal 8221)
   defining Unicode char U+201E (decimal 8222)
   defining Unicode char U+2030 (decimal 8240)
   defining Unicode char U+2031 (decimal 8241)
   defining Unicode char U+2039 (decimal 8249)
   defining Unicode char U+203A (decimal 8250)
   defining Unicode char U+2423 (decimal 9251)
)
Now handling font encoding OT1 ...
... processing UTF-8 mapping file for font encoding OT1

(/usr/local/texlive/2015/texmf-dist/tex/latex/base/ot1enc.dfu
File: ot1enc.dfu 2014/09/29 v1.1m UTF-8 support for inputenc
   defining Unicode char U+00A1 (decimal 161)
   defining Unicode char U+00A3 (decimal 163)
   defining Unicode char U+00B8 (decimal 184)
   defining Unicode char U+00BF (decimal 191)
   defining Unicode char U+00C5 (decimal 197)
   defining Unicode char U+00C6 (decimal 198)
   defining Unicode char U+00D8 (decimal 216)
   defining Unicode char U+00DF (decimal 223)
   defining Unicode char U+00E6 (decimal 230)
   defining Unicode char U+00EC (decimal 236)
   defining Unicode char U+00ED (decimal 237)
   defining Unicode char U+00EE (decimal 238)
   defining Unicode char U+00EF (decimal 239)
   defining Unicode char U+00F8 (decimal 248)
   defining Unicode char U+0131 (decimal 305)
   defining Unicode char U+0141 (decimal 321)
   defining Unicode char U+0142 (decimal 322)
   defining Unicode char U+0152 (decimal 338)
   defining Unicode char U+0153 (decimal 339)
   defining Unicode char U+2013 (decimal 8211)
   defining Unicode char U+2014 (decimal 8212)
   defining Unicode char U+2018 (decimal 8216)
   defining Unicode char U+2019 (decimal 8217)
   defining Unicode char U+201C (decimal 8220)
   defining Unicode char U+201D (decimal 8221)
)
Now handling font encoding OMS ...
... processing UTF-8 mapping file for font encoding OMS

(/usr/local/texlive/2015/texmf-dist/tex/latex/base/omsenc.dfu
File: omsenc.dfu 2014/09/29 v1.1m UTF-8 support for inputenc
   defining Unicode char U+00A7 (decimal 167)
   defining Unicode char U+00B6 (decimal 182)
   defining Unicode char U+00B7 (decimal 183)
   defining Unicode char U+2020 (decimal 8224)
   defining Unicode char U+2021 (decimal 8225)
   defining Unicode char U+2022 (decimal 8226)
)
Now handling font encoding OMX ...
... no UTF-8 mapping file for font encoding OMX
Now handling font encoding U ...
... no UTF-8 mapping file for font encoding U
   defining Unicode char U+00A9 (decimal 169)
   defining Unicode char U+00AA (decimal 170)
   defining Unicode char U+00AE (decimal 174)
   defining Unicode char U+00BA (decimal 186)
   defining Unicode char U+02C6 (decimal 710)
   defining Unicode char U+02DC (decimal 732)
   defining Unicode char U+200C (decimal 8204)
   defining Unicode char U+2026 (decimal 8230)
   defining Unicode char U+2122 (decimal 8482)
   defining Unicode char U+2423 (decimal 9251)
)
Package selinput Info: Encoding `utf8' selected on input line 3.

(/usr/local/texlive/2015/texmf-dist/tex/latex/base/fontenc.sty
Package: fontenc 2005/09/27 v1.99g Standard LaTeX package

(/usr/local/texlive/2015/texmf-dist/tex/latex/base/t1enc.def
File: t1enc.def 2005/09/27 v1.99g Standard LaTeX file
LaTeX Font Info:    Redeclaring font encoding T1 on input line 48.
))
(/usr/local/texlive/2015/texmf-dist/tex/generic/babel/babel.sty
Package: babel 2014/09/25 3.9l The Babel package

(/usr/local/texlive/2015/texmf-dist/tex/generic/babel-german/ngerman.ldf
Language: ngerman 2013/12/13 v2.7 German support for babel (new orthography)

(/usr/local/texlive/2015/texmf-dist/tex/generic/babel-german/ngermanb.ldf
Language: ngermanb 2013/12/13 v2.7 German support for babel (new orthography)

(/usr/local/texlive/2015/texmf-dist/tex/generic/babel/babel.def
File: babel.def 2014/09/25 3.9l Babel common definitions
\babel@savecnt=\count93
\U@D=\dimen103
)
\l@naustrian = a dialect from \language\l@ngerman 
\l@nswissgerman = a dialect from \language\l@ngerman 
Package babel Info: Making " an active character on input line 88.
)))
(/usr/local/texlive/2015/texmf-dist/tex/latex/isodate/isodate.sty
Package: isodate 2010/01/03 v2.30 Print dates with different formats (HH)

(/usr/local/texlive/2015/texmf-dist/tex/latex/base/ifthen.sty
Package: ifthen 2014/09/29 v1.1c Standard LaTeX ifthen package (DPC)
)
(/usr/local/texlive/2015/texmf-dist/tex/latex/substr/substr.sty
Package: substr 2009/10/20 v1.2 Handle substrings
\c@su@anzahl=\count94
)
(/usr/local/texlive/2015/texmf-dist/tex/latex/isodate/german.idf
File: german.idf 2010/01/03 v2.30 Language definitions for isodate package (HH)


Define commands for German date format (ngerman)
)
\c@iso@tmpmonth=\count95
\c@iso@yeartwo=\count96
\c@iso@slash=\count97
\c@iso@minus=\count98
\c@iso@dot=\count99
\c@iso@@slash=\count100
\c@iso@@minus=\count101
\c@iso@@dot=\count102
) (/usr/local/texlive/2015/texmf-dist/tex/latex/amsfonts/amssymb.sty
Package: amssymb 2013/01/14 v3.01 AMS font symbols

(/usr/local/texlive/2015/texmf-dist/tex/latex/amsfonts/amsfonts.sty
Package: amsfonts 2013/01/14 v3.01 Basic AMSFonts support
\@emptytoks=\toks18
\symAMSa=\mathgroup4
\symAMSb=\mathgroup5
LaTeX Font Info:    Overwriting math alphabet `\mathfrak' in version `bold'
(Font)                  U/euf/m/n --> U/euf/b/n on input line 106.
))
(/usr/local/texlive/2015/texmf-dist/tex/latex/amsmath/amsmath.sty
Package: amsmath 2013/01/14 v2.14 AMS math features
\@mathmargin=\skip75

For additional information on amsmath, use the `?' option.
(/usr/local/texlive/2015/texmf-dist/tex/latex/amsmath/amstext.sty
Package: amstext 2000/06/29 v2.01

(/usr/local/texlive/2015/texmf-dist/tex/latex/amsmath/amsgen.sty
File: amsgen.sty 1999/11/30 v2.0
\@emptytoks=\toks19
\ex@=\dimen104
))
(/usr/local/texlive/2015/texmf-dist/tex/latex/amsmath/amsbsy.sty
Package: amsbsy 1999/11/29 v1.2d
\pmbraise@=\dimen105
)
(/usr/local/texlive/2015/texmf-dist/tex/latex/amsmath/amsopn.sty
Package: amsopn 1999/12/14 v2.01 operator names
)
\inf@bad=\count103
LaTeX Info: Redefining \frac on input line 210.
\uproot@=\count104
\leftroot@=\count105
LaTeX Info: Redefining \overline on input line 306.
\classnum@=\count106
\DOTSCASE@=\count107
LaTeX Info: Redefining \ldots on input line 378.
LaTeX Info: Redefining \dots on input line 381.
LaTeX Info: Redefining \cdots on input line 466.
\Mathstrutbox@=\box28
\strutbox@=\box29
\big@size=\dimen106
LaTeX Font Info:    Redeclaring font encoding OML on input line 566.
LaTeX Font Info:    Redeclaring font encoding OMS on input line 567.
\macc@depth=\count108
\c@MaxMatrixCols=\count109
\dotsspace@=\muskip10
\c@parentequation=\count110
\dspbrk@lvl=\count111
\tag@help=\toks20
\row@=\count112
\column@=\count113
\maxfields@=\count114
\andhelp@=\toks21
\eqnshift@=\dimen107
\alignsep@=\dimen108
\tagshift@=\dimen109
\tagwidth@=\dimen110
\totwidth@=\dimen111
\lineht@=\dimen112
\@envbody=\toks22
\multlinegap=\skip76
\multlinetaggap=\skip77
\mathdisplay@stack=\toks23
LaTeX Info: Redefining \[ on input line 2665.
LaTeX Info: Redefining \] on input line 2666.
)
(/usr/local/texlive/2015/texmf-dist/tex/latex/float/float.sty
Package: float 2001/11/08 v1.3d Float enhancements (AL)
\c@float@type=\count115
\float@exts=\toks24
\float@box=\box30
\@float@everytoks=\toks25
\@floatcapt=\box31
)
(/usr/local/texlive/2015/texmf-dist/tex/latex/wrapfig/wrapfig.sty
\wrapoverhang=\dimen113
\WF@size=\dimen114
\c@WF@wrappedlines=\count116
\WF@box=\box32
\WF@everypar=\toks26
Package: wrapfig 2003/01/31  v 3.6
)
(/usr/local/texlive/2015/texmf-dist/tex/latex/picinpar/picinpar.sty
Pictures in Paragraphs. Version 1.2a, July 13, 1993
\br=\count117
\bl=\count118
\na=\count119
\nb=\count120
\tcdsav=\count121
\tcl=\count122
\tcd=\count123
\tcn=\count124
\cumtcl=\count125
\cumpartcl=\count126
\lftside=\dimen115
\rtside=\dimen116
\hpic=\dimen117
\vpic=\dimen118
\strutilg=\dimen119
\picwd=\dimen120
\topheight=\dimen121
\ilg=\dimen122
\lpic=\dimen123
\lwindowsep=\dimen124
\rwindowsep=\dimen125
\cumpar=\dimen126
\twa=\toks27
\la=\toks28
\ra=\toks29
\ha=\toks30
\pictoc=\toks31
\rawtext=\box33
\holder=\box34
\windowbox=\box35
\wartext=\box36
\finaltext=\box37
\aslice=\box38
\bslice=\box39
\wbox=\box40
\wstrutbox=\box41
\picbox=\box42
\waslice=\box43
\wbslice=\box44
\fslice=\box45
) (/usr/local/texlive/2015/texmf-dist/tex/latex/hyperref/hyperref.sty
Package: hyperref 2012/11/06 v6.83m Hypertext links for LaTeX

(/usr/local/texlive/2015/texmf-dist/tex/generic/oberdiek/hobsub-hyperref.sty
Package: hobsub-hyperref 2012/05/28 v1.13 Bundle oberdiek, subset hyperref (HO)


(/usr/local/texlive/2015/texmf-dist/tex/generic/oberdiek/hobsub-generic.sty
Package: hobsub-generic 2012/05/28 v1.13 Bundle oberdiek, subset generic (HO)
Package: hobsub 2012/05/28 v1.13 Construct package bundles (HO)
Package hobsub Info: Skipping package `infwarerr' (already loaded).
Package hobsub Info: Skipping package `ltxcmds' (already loaded).
Package hobsub Info: Skipping package `ifluatex' (already loaded).
Package: ifvtex 2010/03/01 v1.5 Detect VTeX and its facilities (HO)
Package ifvtex Info: VTeX not detected.
Package: intcalc 2007/09/27 v1.1 Expandable calculations with integers (HO)
Package hobsub Info: Skipping package `ifpdf' (already loaded).
Package hobsub Info: Skipping package `etexcmds' (already loaded).
Package hobsub Info: Skipping package `kvsetkeys' (already loaded).
Package: kvdefinekeys 2011/04/07 v1.3 Define keys (HO)
Package hobsub Info: Skipping package `pdftexcmds' (already loaded).
Package hobsub Info: Skipping package `pdfescape' (already loaded).
Package: bigintcalc 2012/04/08 v1.3 Expandable calculations on big integers (HO
)
Package: bitset 2011/01/30 v1.1 Handle bit-vector datatype (HO)
Package: uniquecounter 2011/01/30 v1.2 Provide unlimited unique counter (HO)
)
Package hobsub Info: Skipping package `hobsub' (already loaded).
Package: letltxmacro 2010/09/02 v1.4 Let assignment for LaTeX macros (HO)
Package: hopatch 2012/05/28 v1.2 Wrapper for package hooks (HO)
Package: xcolor-patch 2011/01/30 xcolor patch
Package: atveryend 2011/06/30 v1.8 Hooks at the very end of document (HO)
Package: atbegshi 2011/10/05 v1.16 At begin shipout hook (HO)
Package: refcount 2011/10/16 v3.4 Data extraction from label references (HO)
Package: hycolor 2011/01/30 v1.7 Color options for hyperref/bookmark (HO)
)
(/usr/local/texlive/2015/texmf-dist/tex/generic/ifxetex/ifxetex.sty
Package: ifxetex 2010/09/12 v0.6 Provides ifxetex conditional
)
(/usr/local/texlive/2015/texmf-dist/tex/latex/oberdiek/auxhook.sty
Package: auxhook 2011/03/04 v1.3 Hooks for auxiliary files (HO)
)
\@linkdim=\dimen127
\Hy@linkcounter=\count127
\Hy@pagecounter=\count128

(/usr/local/texlive/2015/texmf-dist/tex/latex/hyperref/pd1enc.def
File: pd1enc.def 2012/11/06 v6.83m Hyperref: PDFDocEncoding definition (HO)
Now handling font encoding PD1 ...
... no UTF-8 mapping file for font encoding PD1
)
\Hy@SavedSpaceFactor=\count129

(/usr/local/texlive/2015/texmf-dist/tex/latex/latexconfig/hyperref.cfg
File: hyperref.cfg 2002/06/06 v1.2 hyperref configuration of TeXLive
)
Package hyperref Info: Hyper figures OFF on input line 4443.
Package hyperref Info: Link nesting OFF on input line 4448.
Package hyperref Info: Hyper index ON on input line 4451.
Package hyperref Info: Plain pages OFF on input line 4458.
Package hyperref Info: Backreferencing OFF on input line 4463.
Package hyperref Info: Implicit mode ON; LaTeX internals redefined.
Package hyperref Info: Bookmarks ON on input line 4688.
\c@Hy@tempcnt=\count130

(/usr/local/texlive/2015/texmf-dist/tex/latex/url/url.sty
\Urlmuskip=\muskip11
Package: url 2013/09/16  ver 3.4  Verb mode for urls, etc.
)
LaTeX Info: Redefining \url on input line 5041.
\XeTeXLinkMargin=\dimen128
\Fld@menulength=\count131
\Field@Width=\dimen129
\Fld@charsize=\dimen130
Package hyperref Info: Hyper figures OFF on input line 6295.
Package hyperref Info: Link nesting OFF on input line 6300.
Package hyperref Info: Hyper index ON on input line 6303.
Package hyperref Info: backreferencing OFF on input line 6310.
Package hyperref Info: Link coloring OFF on input line 6315.
Package hyperref Info: Link coloring with OCG OFF on input line 6320.
Package hyperref Info: PDF/A mode OFF on input line 6325.
LaTeX Info: Redefining \ref on input line 6365.
LaTeX Info: Redefining \pageref on input line 6369.
\Hy@abspage=\count132
\c@Item=\count133
\c@Hfootnote=\count134
)

Package hyperref Message: Driver (autodetected): hpdftex.

(/usr/local/texlive/2015/texmf-dist/tex/latex/hyperref/hpdftex.def
File: hpdftex.def 2012/11/06 v6.83m Hyperref driver for pdfTeX
\Fld@listcount=\count135
\c@bookmark@seq@number=\count136

(/usr/local/texlive/2015/texmf-dist/tex/latex/oberdiek/rerunfilecheck.sty
Package: rerunfilecheck 2011/04/15 v1.7 Rerun checks for auxiliary files (HO)
Package uniquecounter Info: New unique counter `rerunfilecheck' on input line 2
82.
)
\Hy@SectionHShift=\skip78
)
(/usr/local/texlive/2015/texmf-dist/tex/latex/tools/enumerate.sty
Package: enumerate 2014/10/28 v3.00 enumerate extensions (DPC)
\@enLab=\toks32
)

Class tudscrreprt Warning: `Univers' fonts not found for encoding `T1'.
(tudscrreprt)              Please use on of the installation scripts out of the

(tudscrreprt)              tudscr-bundle, which suits to your OS or choose a
(tudscrreprt)              possible encoding. A fallback layout is used.


Class tudscrreprt Warning: `DIN Bold' fonts not found for encoding `T1'.
(tudscrreprt)              Please use on of the installation scripts out of the

(tudscrreprt)              tudscr-bundle, which suits to your OS or choose a
(tudscrreprt)              possible encoding. A fallback layout is used.

(/usr/local/texlive/2015/texmf-dist/tex/latex/graphics/graphicx.sty
Package: graphicx 2014/10/28 v1.0g Enhanced LaTeX Graphics (DPC,SPQR)

(/usr/local/texlive/2015/texmf-dist/tex/latex/graphics/graphics.sty
Package: graphics 2014/10/28 v1.0p Standard LaTeX Graphics (DPC,SPQR)

(/usr/local/texlive/2015/texmf-dist/tex/latex/graphics/trig.sty
Package: trig 1999/03/16 v1.09 sin cos tan (DPC)
)
(/usr/local/texlive/2015/texmf-dist/tex/latex/latexconfig/graphics.cfg
File: graphics.cfg 2010/04/23 v1.9 graphics configuration of TeX Live
)
Package graphics Info: Driver file: pdftex.def on input line 94.

(/usr/local/texlive/2015/texmf-dist/tex/latex/pdftex-def/pdftex.def
File: pdftex.def 2011/05/27 v0.06d Graphics/color for pdfTeX
\Gread@gobject=\count137
))
\Gin@req@height=\dimen131
\Gin@req@width=\dimen132
)
(/usr/local/texlive/2015/texmf-dist/tex/latex/tudscr/tudscrcolor.sty
Package: tudscrcolor 2015/02/15 v2.03 TUD-KOMA-Script package (corporate design
 colors)

(/usr/local/texlive/2015/texmf-dist/tex/latex/xcolor/xcolor.sty
Package: xcolor 2007/01/21 v2.11 LaTeX color extensions (UK)

(/usr/local/texlive/2015/texmf-dist/tex/latex/latexconfig/color.cfg
File: color.cfg 2007/01/18 v1.5 color configuration of teTeX/TeXLive
)
Package xcolor Info: Driver file: pdftex.def on input line 225.
Package xcolor Info: Model `cmy' substituted by `cmy0' on input line 1337.
Package xcolor Info: Model `hsb' substituted by `rgb' on input line 1341.
Package xcolor Info: Model `RGB' extended on input line 1353.
Package xcolor Info: Model `HTML' substituted by `rgb' on input line 1355.
Package xcolor Info: Model `Hsb' substituted by `hsb' on input line 1356.
Package xcolor Info: Model `tHsb' substituted by `hsb' on input line 1357.
Package xcolor Info: Model `HSB' substituted by `hsb' on input line 1358.
Package xcolor Info: Model `Gray' substituted by `gray' on input line 1359.
Package xcolor Info: Model `wave' substituted by `hsb' on input line 1360.
))
LaTeX Info: Redefining \textuln on input line 15.
LaTeX Info: Redefining \texturn on input line 15.
LaTeX Info: Redefining \textubn on input line 15.
LaTeX Info: Redefining \textuxn on input line 15.
LaTeX Info: Redefining \textuls on input line 15.
LaTeX Info: Redefining \texturs on input line 15.
LaTeX Info: Redefining \textubs on input line 15.
LaTeX Info: Redefining \textuxs on input line 15.
LaTeX Info: Redefining \textdbn on input line 15.
\c@mv@univers=\count138
\c@mv@universbold=\count139
LaTeX Font Info:    Overwriting symbol font `operators' in version `univers'
(Font)                  OT1/cmr/m/n --> OT1/lun/l/n on input line 15.
LaTeX Font Info:    Overwriting symbol font `letters' in version `univers'
(Font)                  OML/cmm/m/it --> OML/lun/l/sl on input line 15.
LaTeX Font Info:    Overwriting symbol font `symbols' in version `univers'
(Font)                  OMS/cmsy/m/n --> OMS/lun/l/n on input line 15.
LaTeX Font Info:    Overwriting symbol font `largesymbols' in version `univers'

(Font)                  OMX/cmex/m/n --> OMX/iwona/m/n on input line 15.
LaTeX Font Info:    Overwriting symbol font `operators' in version `universbold
'
(Font)                  OT1/cmr/m/n --> OT1/lun/b/n on input line 15.
LaTeX Font Info:    Overwriting symbol font `letters' in version `universbold'
(Font)                  OML/cmm/m/it --> OML/lun/b/sl on input line 15.
LaTeX Font Info:    Overwriting symbol font `symbols' in version `universbold'
(Font)                  OMS/cmsy/m/n --> OMS/lun/b/n on input line 15.
LaTeX Font Info:    Overwriting symbol font `largesymbols' in version `universb
old'
(Font)                  OMX/cmex/m/n --> OMX/iwona/b/n on input line 15.
LaTeX Font Info:    Overwriting math alphabet `\mathbf' in version `univers'
(Font)                  OT1/cmr/bx/n --> T1/lun/b/n on input line 15.
LaTeX Font Info:    Overwriting math alphabet `\mathsf' in version `univers'
(Font)                  OT1/cmss/m/n --> T1/lun/l/n on input line 15.
LaTeX Font Info:    Overwriting math alphabet `\mathit' in version `univers'
(Font)                  OT1/cmr/m/it --> T1/lun/l/sl on input line 15.
LaTeX Font Info:    Overwriting math alphabet `\mathtt' in version `univers'
(Font)                  OT1/cmtt/m/n --> T1/lunt/l/n on input line 15.
LaTeX Font Info:    Overwriting math alphabet `\mathbf' in version `universbold
'
(Font)                  OT1/cmr/bx/n --> T1/lun/eb/n on input line 15.
LaTeX Font Info:    Overwriting math alphabet `\mathsf' in version `universbold
'
(Font)                  OT1/cmss/m/n --> T1/lun/b/n on input line 15.
LaTeX Font Info:    Overwriting math alphabet `\mathit' in version `universbold
'
(Font)                  OT1/cmr/m/it --> T1/lun/b/sl on input line 15.
LaTeX Font Info:    Overwriting math alphabet `\mathtt' in version `universbold
'
(Font)                  OT1/cmtt/m/n --> T1/lunt/b/n on input line 15.
\c@mv@dinbold=\count140
LaTeX Font Info:    Encoding `OT1' has changed to `T1' for symbol font
(Font)              `operators' in the math version `dinbold' on input line 15.

LaTeX Font Info:    Overwriting symbol font `operators' in version `dinbold'
(Font)                  OT1/cmr/m/n --> T1/0m6/b/n on input line 15.
LaTeX Font Info:    Overwriting symbol font `letters' in version `dinbold'
(Font)                  OML/cmm/m/it --> OML/0m6/b/sl on input line 15.
LaTeX Font Info:    Overwriting symbol font `symbols' in version `dinbold'
(Font)                  OMS/cmsy/m/n --> OMS/0m6/b/n on input line 15.
LaTeX Font Info:    Overwriting symbol font `largesymbols' in version `dinbold'

(Font)                  OMX/cmex/m/n --> OMX/iwona/ebc/n on input line 15.
LaTeX Font Info:    Overwriting math alphabet `\mathbf' in version `dinbold'
(Font)                  OT1/cmr/bx/n --> T1/0m6/b/n on input line 15.
LaTeX Font Info:    Overwriting math alphabet `\mathsf' in version `dinbold'
(Font)                  OT1/cmss/m/n --> T1/0m6/b/n on input line 15.
LaTeX Font Info:    Overwriting math alphabet `\mathit' in version `dinbold'
(Font)                  OT1/cmr/m/it --> T1/0m6/b/sl on input line 15.
LaTeX Font Info:    Redeclaring math symbol \upDelta on input line 15.
LaTeX Font Info:    Redeclaring math symbol \upOmega on input line 15.
LaTeX Font Info:    Redeclaring math symbol \varGamma on input line 15.
LaTeX Font Info:    Redeclaring math symbol \varDelta on input line 15.
LaTeX Font Info:    Redeclaring math symbol \varTheta on input line 15.
LaTeX Font Info:    Redeclaring math symbol \varLambda on input line 15.
LaTeX Font Info:    Redeclaring math symbol \varXi on input line 15.
LaTeX Font Info:    Redeclaring math symbol \varPi on input line 15.
LaTeX Font Info:    Redeclaring math symbol \varSigma on input line 15.
LaTeX Font Info:    Redeclaring math symbol \varUpsilon on input line 15.
LaTeX Font Info:    Redeclaring math symbol \varPhi on input line 15.
LaTeX Font Info:    Redeclaring math symbol \varPsi on input line 15.
LaTeX Font Info:    Redeclaring math symbol \varOmega on input line 15.

(/usr/local/texlive/2015/texmf-dist/tex/latex/koma-script/scrlayer-scrpage.sty
Package: scrlayer-scrpage 2015/05/06 v3.17a KOMA-Script package (end user inter
face for scrlayer)

(/usr/local/texlive/2015/texmf-dist/tex/latex/koma-script/scrlayer.sty
Package: scrlayer 2015/05/06 v3.17a KOMA-Script package (defining layers and pa
ge styles)
Package scrlayer Info: Using already defined \footheight
(scrlayer)             hoping, that this is a length and
(scrlayer)             not only a macro on input line 107.
Package scrlayer Info: patching LaTeX kernel macro \pagestyle on input line 184
3.
)
Package scrlayer-scrpage Info: deactivating warning for font element
(scrlayer-scrpage)             `pagefoot' on input line 1184.
)
Package scrlayer-scrpage Info: auto-selection of `pagestyleset=KOMA-Script'.
Package typearea Info: These are the values describing the layout:
(typearea)             DIV  = 10
(typearea)             BCOR = 0.0pt
(typearea)             \paperwidth      = 597.50793pt
(typearea)              \textwidth      = 418.25555pt
(typearea)              DIV departure   = -7%
(typearea)              \evensidemargin = 17.3562pt
(typearea)              \oddsidemargin  = 17.3562pt
(typearea)             \paperheight     = 845.04694pt
(typearea)              \textheight     = 595.80026pt
(typearea)              \topmargin      = -25.16531pt
(typearea)              \headheight     = 17.0pt
(typearea)              \headsep        = 20.40001pt
(typearea)              \topskip        = 11.0pt
(typearea)              \footskip       = 47.6pt
(typearea)              \baselineskip   = 13.6pt
(typearea)              on input line 15.

(/usr/local/texlive/2015/texmf-dist/tex/latex/geometry/geometry.sty
Package: geometry 2010/09/12 v5.6 Page Geometry
\Gm@cnth=\count141
\Gm@cntv=\count142
\c@Gm@tempcnt=\count143
\Gm@bindingoffset=\dimen133
\Gm@wd@mp=\dimen134
\Gm@odd@mp=\dimen135
\Gm@even@mp=\dimen136
\Gm@layoutwidth=\dimen137
\Gm@layoutheight=\dimen138
\Gm@layouthoffset=\dimen139
\Gm@layoutvoffset=\dimen140
\Gm@dimlist=\toks33
)
*geometry* verbose mode - [ newgeometry ] result:
* driver: 
* paper: <default>
* layout: <same size as paper>
* layoutoffset:(h,v)=(0.0pt,0.0pt)
* modes: 
* h-part:(L,W,R)=(85.35826pt, 455.24417pt, 56.9055pt)
* v-part:(T,H,B)=(147.95433pt, 611.73434pt, 85.35826pt)
* \paperwidth=597.50793pt
* \paperheight=845.04694pt
* \textwidth=455.24417pt
* \textheight=611.73434pt
* \oddsidemargin=13.08827pt
* \evensidemargin=13.08827pt
* \topmargin=-33.85904pt
* \headheight=75.40007pt
* \headsep=34.14331pt
* \topskip=11.0pt
* \footskip=42.60687pt
* \marginparwidth=36.5055pt
* \marginparsep=10.2pt
* \columnsep=10.0pt
* \skip\footins=10.0pt plus 4.0pt minus 2.0pt
* \hoffset=0.0pt
* \voffset=0.0pt
* \mag=1000
* \@twocolumnfalse
* \@twosidefalse
* \@mparswitchfalse
* \@reversemarginfalse
* (1in=72.27pt=25.4mm, 1cm=28.453pt)

*geometry* verbose mode - [ newgeometry ] result:
* driver: 
* paper: <default>
* layout: <same size as paper>
* layoutoffset:(h,v)=(0.0pt,0.0pt)
* modes: 
* h-part:(L,W,R)=(85.35826pt, 455.24417pt, 56.9055pt)
* v-part:(T,H,B)=(56.9055pt, 702.78317pt, 85.35826pt)
* \paperwidth=597.50793pt
* \paperheight=845.04694pt
* \textwidth=455.24417pt
* \textheight=702.78317pt
* \oddsidemargin=13.08827pt
* \evensidemargin=13.08827pt
* \topmargin=-52.7645pt
* \headheight=17.0pt
* \headsep=20.40001pt
* \topskip=11.0pt
* \footskip=42.60687pt
* \marginparwidth=36.5055pt
* \marginparsep=10.2pt
* \columnsep=10.0pt
* \skip\footins=10.0pt plus 4.0pt minus 2.0pt
* \hoffset=0.0pt
* \voffset=0.0pt
* \mag=1000
* \@twocolumnfalse
* \@twosidefalse
* \@mparswitchfalse
* \@reversemarginfalse
* (1in=72.27pt=25.4mm, 1cm=28.453pt)


(./NICHTLINEARE_REGELUNGSTECHNIK_2.aux)
\openout1 = `NICHTLINEARE_REGELUNGSTECHNIK_2.aux'.

LaTeX Font Info:    Checking defaults for OML/cmm/m/it on input line 15.
LaTeX Font Info:    ... okay on input line 15.
LaTeX Font Info:    Checking defaults for T1/cmr/m/n on input line 15.
LaTeX Font Info:    ... okay on input line 15.
LaTeX Font Info:    Checking defaults for OT1/cmr/m/n on input line 15.
LaTeX Font Info:    ... okay on input line 15.
LaTeX Font Info:    Checking defaults for OMS/cmsy/m/n on input line 15.
LaTeX Font Info:    ... okay on input line 15.
LaTeX Font Info:    Checking defaults for OMX/cmex/m/n on input line 15.
LaTeX Font Info:    ... okay on input line 15.
LaTeX Font Info:    Checking defaults for U/cmr/m/n on input line 15.
LaTeX Font Info:    ... okay on input line 15.
LaTeX Font Info:    Checking defaults for PD1/pdf/m/n on input line 15.
LaTeX Font Info:    ... okay on input line 15.
LaTeX Font Info:    Try loading font information for T1+cmss on input line 15.

(/usr/local/texlive/2015/texmf-dist/tex/latex/base/t1cmss.fd
File: t1cmss.fd 2014/09/29 v2.5h Standard LaTeX font definitions
)
Package scrbase Info: activating ngerman \graduationtext on input line 15.
Package scrbase Info: activating ngerman \supervisorname on input line 15.
Package scrbase Info: activating ngerman \supervisorothername on input line 15.

Package scrbase Info: activating ngerman \refereename on input line 15.
Package scrbase Info: activating ngerman \refereeothername on input line 15.
Package scrbase Info: activating ngerman \advisorname on input line 15.
Package scrbase Info: activating ngerman \advisorothername on input line 15.
Package scrbase Info: activating ngerman \professorname on input line 15.
Package scrbase Info: activating ngerman \professorothername on input line 15.
Package scrbase Info: activating ngerman \datetext on input line 15.
Package scrbase Info: activating ngerman \dateofbirthtext on input line 15.
Package scrbase Info: activating ngerman \placeofbirthtext on input line 15.
Package scrbase Info: activating ngerman \defensedatetext on input line 15.
Package scrbase Info: activating ngerman \matriculationyearname on input line 1
5.
Package scrbase Info: activating ngerman \matriculationnumbername on input line
 15.
Package scrbase Info: activating ngerman \coverpagename on input line 15.
Package scrbase Info: activating ngerman \titlepagename on input line 15.
Package scrbase Info: activating ngerman \confirmationname on input line 15.
Package scrbase Info: activating ngerman \confirmationtext on input line 15.
Package scrbase Info: activating ngerman \blockingname on input line 15.
Package scrbase Info: activating ngerman \blockingtext on input line 15.
Package scrbase Info: activating ngerman \listingname on input line 15.
Package scrbase Info: activating ngerman \listlistingname on input line 15.
Package scrbase Info: activating ngerman \dissertationname on input line 15.
Package scrbase Info: activating ngerman \diplomathesisname on input line 15.
Package scrbase Info: activating ngerman \masterthesisname on input line 15.
Package scrbase Info: activating ngerman \bachelorthesisname on input line 15.
Package scrbase Info: activating ngerman \studentresearchname on input line 15.

Package scrbase Info: activating ngerman \projectpapername on input line 15.
Package scrbase Info: activating ngerman \seminarpapername on input line 15.
Package scrbase Info: activating ngerman \researchname on input line 15.
Package scrbase Info: activating ngerman \logname on input line 15.
Package scrbase Info: activating ngerman \internshipname on input line 15.
Package scrbase Info: activating ngerman \reportname on input line 15.

isodate: babel.sty has been loaded
\AtBeginShipoutBox=\box46
Package hyperref Info: Link coloring OFF on input line 15.
(/usr/local/texlive/2015/texmf-dist/tex/latex/hyperref/nameref.sty
Package: nameref 2012/10/27 v2.43 Cross-referencing by name of section

(/usr/local/texlive/2015/texmf-dist/tex/generic/oberdiek/gettitlestring.sty
Package: gettitlestring 2010/12/03 v1.4 Cleanup title references (HO)
)
\c@section@level=\count144
)
LaTeX Info: Redefining \ref on input line 15.
LaTeX Info: Redefining \pageref on input line 15.
LaTeX Info: Redefining \nameref on input line 15.

(./NICHTLINEARE_REGELUNGSTECHNIK_2.out) (./NICHTLINEARE_REGELUNGSTECHNIK_2.out)
\@outlinefile=\write3
\openout3 = `NICHTLINEARE_REGELUNGSTECHNIK_2.out'.

(/usr/local/texlive/2015/texmf-dist/tex/context/base/supp-pdf.mkii
[Loading MPS to PDF converter (version 2006.09.02).]
\scratchcounter=\count145
\scratchdimen=\dimen141
\scratchbox=\box47
\nofMPsegments=\count146
\nofMParguments=\count147
\everyMPshowfont=\toks34
\MPscratchCnt=\count148
\MPscratchDim=\dimen142
\MPnumerator=\count149
\makeMPintoPDFobject=\count150
\everyMPtoPDFconversion=\toks35
) (/usr/local/texlive/2015/texmf-dist/tex/latex/oberdiek/epstopdf-base.sty
Package: epstopdf-base 2010/02/09 v2.5 Base part for package epstopdf

(/usr/local/texlive/2015/texmf-dist/tex/latex/oberdiek/grfext.sty
Package: grfext 2010/08/19 v1.1 Manage graphics extensions (HO)
)
Package grfext Info: Graphics extension search list:
(grfext)             [.png,.pdf,.jpg,.mps,.jpeg,.jbig2,.jb2,.PNG,.PDF,.JPG,.JPE
G,.JBIG2,.JB2,.eps]
(grfext)             \AppendGraphicsExtensions on input line 452.

(/usr/local/texlive/2015/texmf-dist/tex/latex/latexconfig/epstopdf-sys.cfg
File: epstopdf-sys.cfg 2010/07/13 v1.3 Configuration of (r)epstopdf for TeX Liv
e
))
*geometry* driver: auto-detecting
*geometry* detected driver: pdftex
*geometry* verbose mode - [ preamble ] result:
* driver: pdftex
* paper: <default>
* layout: <same size as paper>
* layoutoffset:(h,v)=(0.0pt,0.0pt)
* modes: 
* h-part:(L,W,R)=(85.35826pt, 455.24417pt, 56.9055pt)
* v-part:(T,H,B)=(56.9055pt, 702.78317pt, 85.35826pt)
* \paperwidth=597.50793pt
* \paperheight=845.04694pt
* \textwidth=455.24417pt
* \textheight=702.78317pt
* \oddsidemargin=13.08827pt
* \evensidemargin=13.08827pt
* \topmargin=-52.7645pt
* \headheight=17.0pt
* \headsep=20.40001pt
* \topskip=11.0pt
* \footskip=42.60687pt
* \marginparwidth=36.5055pt
* \marginparsep=10.2pt
* \columnsep=10.0pt
* \skip\footins=10.0pt plus 4.0pt minus 2.0pt
* \hoffset=0.0pt
* \voffset=0.0pt
* \mag=1000
* \@twocolumnfalse
* \@twosidefalse
* \@mparswitchfalse
* \@reversemarginfalse
* (1in=72.27pt=25.4mm, 1cm=28.453pt)

Package babel Info: Redefining ngerman shorthand "|
(babel)             in language append on input line 27.
Package babel Info: Redefining ngerman shorthand "~
(babel)             in language append on input line 27.
LaTeX Font Info:    Try loading font information for OMS+cmss on input line 27.

LaTeX Font Info:    No file OMScmss.fd. on input line 27.

LaTeX Font Warning: Font shape `OMS/cmss/bx/n' undefined
(Font)              using `OMS/cmsy/m/n' instead
(Font)              for symbol `textasteriskcentered' on input line 27.


LaTeX Font Warning: Font shape `OMS/cmss/m/n' undefined
(Font)              using `OMS/cmsy/m/n' instead
(Font)              for symbol `textasteriskcentered' on input line 27.

<TUD-black.pdf, id=140, 256.15298pt x 74.32167pt>
File: TUD-black.pdf Graphic file (type pdf)
 <use TUD-black.pdf>
Package pdftex.def Info: TUD-black.pdf used on input line 27.
(pdftex.def)             Requested size: 162.18016pt x 47.05765pt.
File: TUD-black.pdf Graphic file (type pdf)

<use TUD-black.pdf>
Package pdftex.def Info: TUD-black.pdf used on input line 27.
(pdftex.def)             Requested size: 162.18016pt x 47.05765pt.
Package babel Info: Redefining ngerman shorthand "|
(babel)             in language append on input line 27.
Package babel Info: Redefining ngerman shorthand "~
(babel)             in language append on input line 27.
Package babel Info: Redefining ngerman shorthand "|
(babel)             in language append on input line 27.
Package babel Info: Redefining ngerman shorthand "~
(babel)             in language append on input line 27.
 [1{/usr/local/texlive/2015/texmf-var/fonts/map/pdftex/updmap/pdftex.map}






 </usr/local/texlive/2015/texmf-dist/tex/latex/tudscr/logo/TUD-black.pdf>]
Package babel Info: Redefining ngerman shorthand "|
(babel)             in language append on input line 27.
Package babel Info: Redefining ngerman shorthand "~
(babel)             in language append on input line 27.
 (./NICHTLINEARE_REGELUNGSTECHNIK_2.toc)
\tf@toc=\write4
\openout4 = `NICHTLINEARE_REGELUNGSTECHNIK_2.toc'.

Package babel Info: Redefining ngerman shorthand "|
(babel)             in language append on input line 28.
Package babel Info: Redefining ngerman shorthand "~
(babel)             in language append on input line 28.
Package babel Info: Redefining ngerman shorthand "|
(babel)             in language append on input line 28.
Package babel Info: Redefining ngerman shorthand "~
(babel)             in language append on input line 28.
 [2


]
Kapitel 1.
Package babel Info: Redefining ngerman shorthand "|
(babel)             in language append on input line 29.
Package babel Info: Redefining ngerman shorthand "~
(babel)             in language append on input line 29.

Class scrreprt Warning: \float@addtolists detected!
(scrreprt)              Implementation of \float@addtolist became
(scrreprt)              deprecated in KOMA-Script v3.01 2008/11/14 and
(scrreprt)              has been replaced by several more flexible
(scrreprt)              features of package `tocbasic`.
(scrreprt)              Since Version 3.12 support for deprecated
(scrreprt)              \float@addtolist interface has been
(scrreprt)              restricted to only some of the KOMA-Script
(scrreprt)              features and been removed from others.
(scrreprt)              Loading of package `scrhack' may help to
(scrreprt)              avoid this warning, if you are using a
(scrreprt)              a package that still implements the
(scrreprt)              deprecated \float@addtolist interface .

<image1.pdf, id=198, 679.7142pt x 283.45554pt>
File: image1.pdf Graphic file (type pdf)
 <use image1.pdf>
Package pdftex.def Info: image1.pdf used on input line 34.
(pdftex.def)             Requested size: 213.39566pt x 88.99052pt.

Underfull \hbox (badness 10000) in paragraph at lines 30--35

 []

Package babel Info: Redefining ngerman shorthand "|
(babel)             in language append on input line 48.
Package babel Info: Redefining ngerman shorthand "~
(babel)             in language append on input line 48.
<image2.pdf, id=199, 375.92833pt x 305.3306pt>
File: image2.pdf Graphic file (type pdf)
 <use image2.pdf>
Package pdftex.def Info: image2.pdf used on input line 53.
(pdftex.def)             Requested size: 156.49014pt x 127.10118pt.
Package babel Info: Redefining ngerman shorthand "|
(babel)             in language append on input line 61.
Package babel Info: Redefining ngerman shorthand "~
(babel)             in language append on input line 61.
Package babel Info: Redefining ngerman shorthand "|
(babel)             in language append on input line 61.
Package babel Info: Redefining ngerman shorthand "~
(babel)             in language append on input line 61.
 [3

 <./image1.pdf> <./image2.pdf

pdfTeX warning: pdflatex (file ./image2.pdf): PDF inclusion: multiple pdfs with
 page group included in a single page
>]
Underfull \hbox (badness 10000) in paragraph at lines 61--64

 []

Package babel Info: Redefining ngerman shorthand "|
(babel)             in language append on input line 123.
Package babel Info: Redefining ngerman shorthand "~
(babel)             in language append on input line 123.
Package babel Info: Redefining ngerman shorthand "|
(babel)             in language append on input line 123.
Package babel Info: Redefining ngerman shorthand "~
(babel)             in language append on input line 123.
[4]
Kapitel 2.
Package babel Info: Redefining ngerman shorthand "|
(babel)             in language append on input line 123.
Package babel Info: Redefining ngerman shorthand "~
(babel)             in language append on input line 123.
Package babel Info: Redefining ngerman shorthand "|
(babel)             in language append on input line 124.
Package babel Info: Redefining ngerman shorthand "~
(babel)             in language append on input line 124.
Package babel Info: Redefining ngerman shorthand "|
(babel)             in language append on input line 175.
Package babel Info: Redefining ngerman shorthand "~
(babel)             in language append on input line 175.
Package babel Info: Redefining ngerman shorthand "|
(babel)             in language append on input line 175.
Package babel Info: Redefining ngerman shorthand "~
(babel)             in language append on input line 175.
[5

]
Package babel Info: Redefining ngerman shorthand "|
(babel)             in language append on input line 243.
Package babel Info: Redefining ngerman shorthand "~
(babel)             in language append on input line 243.
Package babel Info: Redefining ngerman shorthand "|
(babel)             in language append on input line 243.
Package babel Info: Redefining ngerman shorthand "~
(babel)             in language append on input line 243.
 [6]
Package babel Info: Redefining ngerman shorthand "|
(babel)             in language append on input line 253.
Package babel Info: Redefining ngerman shorthand "~
(babel)             in language append on input line 253.

Underfull \hbox (badness 10000) in paragraph at lines 254--255

 []

<image17_1.pdf, id=237, 287.81815pt x 235.04958pt>
File: image17_1.pdf Graphic file (type pdf)
 <use image17_1.pdf>
Package pdftex.def Info: image17_1.pdf used on input line 284.
(pdftex.def)             Requested size: 99.58464pt x 81.3253pt.
Package babel Info: Redefining ngerman shorthand "|
(babel)             in language append on input line 313.
Package babel Info: Redefining ngerman shorthand "~
(babel)             in language append on input line 313.
Package babel Info: Redefining ngerman shorthand "|
(babel)             in language append on input line 313.
Package babel Info: Redefining ngerman shorthand "~
(babel)             in language append on input line 313.
 [7 <./image17_1.pdf>]
Package babel Info: Redefining ngerman shorthand "|
(babel)             in language append on input line 362.
Package babel Info: Redefining ngerman shorthand "~
(babel)             in language append on input line 362.
Package babel Info: Redefining ngerman shorthand "|
(babel)             in language append on input line 364.
Package babel Info: Redefining ngerman shorthand "~
(babel)             in language append on input line 364.
Package babel Info: Redefining ngerman shorthand "|
(babel)             in language append on input line 364.
Package babel Info: Redefining ngerman shorthand "~
(babel)             in language append on input line 364.
 [8] <image17_2.pdf, id=252, 385.43448pt x 274.27284pt>
File: image17_2.pdf Graphic file (type pdf)

<use image17_2.pdf>
Package pdftex.def Info: image17_2.pdf used on input line 399.
(pdftex.def)             Requested size: 128.0374pt x 91.11296pt.
Package babel Info: Redefining ngerman shorthand "|
(babel)             in language append on input line 410.
Package babel Info: Redefining ngerman shorthand "~
(babel)             in language append on input line 410.
Package babel Info: Redefining ngerman shorthand "|
(babel)             in language append on input line 410.
Package babel Info: Redefining ngerman shorthand "~
(babel)             in language append on input line 410.
 [9 <./image17_2.pdf>]
<image21.pdf, id=259, 337.65652pt x 293.65884pt>
File: image21.pdf Graphic file (type pdf)
 <use image21.pdf>
Package pdftex.def Info: image21.pdf used on input line 427.
(pdftex.def)             Requested size: 128.0374pt x 111.3585pt.

<image3.pdf, id=260, 375.63098pt x 244.136pt>
File: image3.pdf Graphic file (type pdf)
 <use image3.pdf>
Package pdftex.def Info: image3.pdf used on input line 436.
(pdftex.def)             Requested size: 128.0374pt x 83.21375pt.
Package babel Info: Redefining ngerman shorthand "|
(babel)             in language append on input line 451.
Package babel Info: Redefining ngerman shorthand "~
(babel)             in language append on input line 451.
Package babel Info: Redefining ngerman shorthand "|
(babel)             in language append on input line 451.
Package babel Info: Redefining ngerman shorthand "~
(babel)             in language append on input line 451.
 [10 <./image21.pdf> <./image3.pdf

pdfTeX warning: pdflatex (file ./image3.pdf): PDF inclusion: multiple pdfs with
 page group included in a single page
>] <image4.pdf, id=270, 320.52867pt x 268.2201pt>
File: image4.pdf Graphic file (type pdf)
 <use image4.pdf>
Package pdftex.def Info: image4.pdf used on input line 504.
(pdftex.def)             Requested size: 128.0374pt x 107.14288pt.
Package babel Info: Redefining ngerman shorthand "|
(babel)             in language append on input line 509.
Package babel Info: Redefining ngerman shorthand "~
(babel)             in language append on input line 509.
Package babel Info: Redefining ngerman shorthand "|
(babel)             in language append on input line 509.
Package babel Info: Redefining ngerman shorthand "~
(babel)             in language append on input line 509.
 [11 <./image4.pdf>]
Package babel Info: Redefining ngerman shorthand "|
(babel)             in language append on input line 539.
Package babel Info: Redefining ngerman shorthand "~
(babel)             in language append on input line 539.
Package babel Info: Redefining ngerman shorthand "|
(babel)             in language append on input line 539.
Package babel Info: Redefining ngerman shorthand "~
(babel)             in language append on input line 539.
 [12]
Kapitel 3.
Package babel Info: Redefining ngerman shorthand "|
(babel)             in language append on input line 539.
Package babel Info: Redefining ngerman shorthand "~
(babel)             in language append on input line 539.
Package babel Info: Redefining ngerman shorthand "|
(babel)             in language append on input line 540.
Package babel Info: Redefining ngerman shorthand "~
(babel)             in language append on input line 540.
Package babel Info: Redefining ngerman shorthand "|
(babel)             in language append on input line 541.
Package babel Info: Redefining ngerman shorthand "~
(babel)             in language append on input line 541.
Package babel Info: Redefining ngerman shorthand "|
(babel)             in language append on input line 583.
Package babel Info: Redefining ngerman shorthand "~
(babel)             in language append on input line 583.
Package babel Info: Redefining ngerman shorthand "|
(babel)             in language append on input line 583.
Package babel Info: Redefining ngerman shorthand "~
(babel)             in language append on input line 583.
[13

]
Package babel Info: Redefining ngerman shorthand "|
(babel)             in language append on input line 636.
Package babel Info: Redefining ngerman shorthand "~
(babel)             in language append on input line 636.
Package babel Info: Redefining ngerman shorthand "|
(babel)             in language append on input line 636.
Package babel Info: Redefining ngerman shorthand "~
(babel)             in language append on input line 636.
 [14]
Package babel Info: Redefining ngerman shorthand "|
(babel)             in language append on input line 638.
Package babel Info: Redefining ngerman shorthand "~
(babel)             in language append on input line 638.
 <im3_12.pdf, id=303, 669.56355pt x 279.83945pt>
File: im3_12.pdf Graphic file (type pdf)
 <use im3_12.pdf>
Package pdftex.def Info: im3_12.pdf used on input line 644.
(pdftex.def)             Requested size: 355.65944pt x 148.65152pt.
Package babel Info: Redefining ngerman shorthand "|
(babel)             in language append on input line 669.
Package babel Info: Redefining ngerman shorthand "~
(babel)             in language append on input line 669.
Package babel Info: Redefining ngerman shorthand "|
(babel)             in language append on input line 669.
Package babel Info: Redefining ngerman shorthand "~
(babel)             in language append on input line 669.

[15 <./im3_12.pdf>] <im3_121.pdf, id=311, 857.34659pt x 486.69125pt>
File: im3_121.pdf Graphic file (type pdf)

<use im3_121.pdf>
Package pdftex.def Info: im3_121.pdf used on input line 673.
(pdftex.def)             Requested size: 213.39566pt x 121.13782pt.
Package babel Info: Redefining ngerman shorthand "|
(babel)             in language append on input line 676.
Package babel Info: Redefining ngerman shorthand "~
(babel)             in language append on input line 676.
 <im3122.pdf, id=312, 350.34036pt x 209.99242pt>
File: im3122.pdf Graphic file (type pdf)

<use im3122.pdf>
Package pdftex.def Info: im3122.pdf used on input line 681.
(pdftex.def)             Requested size: 213.39566pt x 127.90932pt.

Underfull \hbox (badness 10000) in paragraph at lines 691--693

 []

Package babel Info: Redefining ngerman shorthand "|
(babel)             in language append on input line 706.
Package babel Info: Redefining ngerman shorthand "~
(babel)             in language append on input line 706.
Package babel Info: Redefining ngerman shorthand "|
(babel)             in language append on input line 706.
Package babel Info: Redefining ngerman shorthand "~
(babel)             in language append on input line 706.
[16 <./im3_121.pdf> <./im3122.pdf

pdfTeX warning: pdflatex (file ./im3122.pdf): PDF inclusion: multiple pdfs with
 page group included in a single page
>]
Package babel Info: Redefining ngerman shorthand "|
(babel)             in language append on input line 755.
Package babel Info: Redefining ngerman shorthand "~
(babel)             in language append on input line 755.
Package babel Info: Redefining ngerman shorthand "|
(babel)             in language append on input line 755.
Package babel Info: Redefining ngerman shorthand "~
(babel)             in language append on input line 755.
 [17]
Package babel Info: Redefining ngerman shorthand "|
(babel)             in language append on input line 759.
Package babel Info: Redefining ngerman shorthand "~
(babel)             in language append on input line 759.
Package babel Info: Redefining ngerman shorthand "|
(babel)             in language append on input line 799.
Package babel Info: Redefining ngerman shorthand "~
(babel)             in language append on input line 799.
Package babel Info: Redefining ngerman shorthand "|
(babel)             in language append on input line 799.
Package babel Info: Redefining ngerman shorthand "~
(babel)             in language append on input line 799.
 [18]
Package babel Info: Redefining ngerman shorthand "|
(babel)             in language append on input line 801.
Package babel Info: Redefining ngerman shorthand "~
(babel)             in language append on input line 801.

Underfull \hbox (badness 10000) in paragraph at lines 827--838

 []

Package babel Info: Redefining ngerman shorthand "|
(babel)             in language append on input line 838.
Package babel Info: Redefining ngerman shorthand "~
(babel)             in language append on input line 838.
Package babel Info: Redefining ngerman shorthand "|
(babel)             in language append on input line 838.
Package babel Info: Redefining ngerman shorthand "~
(babel)             in language append on input line 838.
[19] <image332.pdf, id=344, 307.98323pt x 242.4047pt>
File: image332.pdf Graphic file (type pdf)
 <use image332.pdf>
Package pdftex.def Info: image332.pdf used on input line 846.
(pdftex.def)             Requested size: 184.9429pt x 145.56598pt.

<robmod1.pdf, id=345, 241.87712pt x 170.77567pt>
File: robmod1.pdf Graphic file (type pdf)
 <use robmod1.pdf>
Package pdftex.def Info: robmod1.pdf used on input line 861.
(pdftex.def)             Requested size: 184.9429pt x 130.57779pt.
Package babel Info: Redefining ngerman shorthand "|
(babel)             in language append on input line 867.
Package babel Info: Redefining ngerman shorthand "~
(babel)             in language append on input line 867.
Package babel Info: Redefining ngerman shorthand "|
(babel)             in language append on input line 867.
Package babel Info: Redefining ngerman shorthand "~
(babel)             in language append on input line 867.
 [20 <./image332.pdf> <./robmod1.pdf

pdfTeX warning: pdflatex (file ./robmod1.pdf): PDF inclusion: multiple pdfs wit
h page group included in a single page
>]
Package babel Info: Redefining ngerman shorthand "|
(babel)             in language append on input line 869.
Package babel Info: Redefining ngerman shorthand "~
(babel)             in language append on input line 869.

Underfull \hbox (badness 10000) in paragraph at lines 881--882

 []


Underfull \hbox (badness 10000) in paragraph at lines 892--893

 []

Package babel Info: Redefining ngerman shorthand "|
(babel)             in language append on input line 904.
Package babel Info: Redefining ngerman shorthand "~
(babel)             in language append on input line 904.
Package babel Info: Redefining ngerman shorthand "|
(babel)             in language append on input line 904.
Package babel Info: Redefining ngerman shorthand "~
(babel)             in language append on input line 904.
[21]
Package babel Info: Redefining ngerman shorthand "|
(babel)             in language append on input line 939.
Package babel Info: Redefining ngerman shorthand "~
(babel)             in language append on input line 939.
Package babel Info: Redefining ngerman shorthand "|
(babel)             in language append on input line 941.
Package babel Info: Redefining ngerman shorthand "~
(babel)             in language append on input line 941.
Package babel Info: Redefining ngerman shorthand "|
(babel)             in language append on input line 941.
Package babel Info: Redefining ngerman shorthand "~
(babel)             in language append on input line 941.
 [22]
Package babel Info: Redefining ngerman shorthand "|
(babel)             in language append on input line 971.
Package babel Info: Redefining ngerman shorthand "~
(babel)             in language append on input line 971.
Package babel Info: Redefining ngerman shorthand "|
(babel)             in language append on input line 971.
Package babel Info: Redefining ngerman shorthand "~
(babel)             in language append on input line 971.
 [23]
Package babel Info: Redefining ngerman shorthand "|
(babel)             in language append on input line 996.
Package babel Info: Redefining ngerman shorthand "~
(babel)             in language append on input line 996.
Package babel Info: Redefining ngerman shorthand "|
(babel)             in language append on input line 996.
Package babel Info: Redefining ngerman shorthand "~
(babel)             in language append on input line 996.
 [24]

LaTeX Warning: Command \" invalid in math mode on input line 997.

Missing character: There is no  in font cmr8!

LaTeX Warning: Command \" invalid in math mode on input line 997.

Missing character: There is no  in font cmr8!
<Zeichnung1.pdf, id=392, 242.42442pt x 76.18463pt>
File: Zeichnung1.pdf Graphic file (type pdf)
 <use Zeichnung1.pdf>
Package pdftex.def Info: Zeichnung1.pdf used on input line 1008.
(pdftex.def)             Requested size: 241.84842pt x 76.00308pt.
Package babel Info: Redefining ngerman shorthand "|
(babel)             in language append on input line 1014.
Package babel Info: Redefining ngerman shorthand "~
(babel)             in language append on input line 1014.
Package babel Info: Redefining ngerman shorthand "|
(babel)             in language append on input line 1014.
Package babel Info: Redefining ngerman shorthand "~
(babel)             in language append on input line 1014.

[25 <./Zeichnung1.pdf>]
Package babel Info: Redefining ngerman shorthand "|
(babel)             in language append on input line 1027.
Package babel Info: Redefining ngerman shorthand "~
(babel)             in language append on input line 1027.
Package babel Info: Redefining ngerman shorthand "|
(babel)             in language append on input line 1027.
Package babel Info: Redefining ngerman shorthand "~
(babel)             in language append on input line 1027.
 [26]
Kapitel 4.
Package babel Info: Redefining ngerman shorthand "|
(babel)             in language append on input line 1027.
Package babel Info: Redefining ngerman shorthand "~
(babel)             in language append on input line 1027.
Package babel Info: Redefining ngerman shorthand "|
(babel)             in language append on input line 1028.
Package babel Info: Redefining ngerman shorthand "~
(babel)             in language append on input line 1028.
Package babel Info: Redefining ngerman shorthand "|
(babel)             in language append on input line 1028.
Package babel Info: Redefining ngerman shorthand "~
(babel)             in language append on input line 1028.
[27

]
Kapitel 5.
Package babel Info: Redefining ngerman shorthand "|
(babel)             in language append on input line 1028.
Package babel Info: Redefining ngerman shorthand "~
(babel)             in language append on input line 1028.
Package babel Info: Redefining ngerman shorthand "|
(babel)             in language append on input line 1029.
Package babel Info: Redefining ngerman shorthand "~
(babel)             in language append on input line 1029.
Package babel Info: Redefining ngerman shorthand "|
(babel)             in language append on input line 1030.
Package babel Info: Redefining ngerman shorthand "~
(babel)             in language append on input line 1030.
Package babel Info: Redefining ngerman shorthand "|
(babel)             in language append on input line 1056.
Package babel Info: Redefining ngerman shorthand "~
(babel)             in language append on input line 1056.
Package babel Info: Redefining ngerman shorthand "|
(babel)             in language append on input line 1056.
Package babel Info: Redefining ngerman shorthand "~
(babel)             in language append on input line 1056.
[28

]
Underfull \hbox (badness 10000) in paragraph at lines 1058--1059

 []

<im312.pdf, id=419, 492.38226pt x 94.8456pt>
File: im312.pdf Graphic file (type pdf)
 <use im312.pdf>
Package pdftex.def Info: im312.pdf used on input line 1071.
(pdftex.def)             Requested size: 213.39566pt x 41.10553pt.
Package babel Info: Redefining ngerman shorthand "|
(babel)             in language append on input line 1079.
Package babel Info: Redefining ngerman shorthand "~
(babel)             in language append on input line 1079.
Package babel Info: Redefining ngerman shorthand "|
(babel)             in language append on input line 1089.
Package babel Info: Redefining ngerman shorthand "~
(babel)             in language append on input line 1089.
Package babel Info: Redefining ngerman shorthand "|
(babel)             in language append on input line 1089.
Package babel Info: Redefining ngerman shorthand "~
(babel)             in language append on input line 1089.
 [29 <./im312.pdf>]
Overfull \hbox (20.48322pt too wide) in paragraph at lines 1100--1100
[] 
 []

Package babel Info: Redefining ngerman shorthand "|
(babel)             in language append on input line 1117.
Package babel Info: Redefining ngerman shorthand "~
(babel)             in language append on input line 1117.
Package babel Info: Redefining ngerman shorthand "|
(babel)             in language append on input line 1117.
Package babel Info: Redefining ngerman shorthand "~
(babel)             in language append on input line 1117.
[30]
Underfull \hbox (badness 10000) in paragraph at lines 1120--1122

 []

Package babel Info: Redefining ngerman shorthand "|
(babel)             in language append on input line 1140.
Package babel Info: Redefining ngerman shorthand "~
(babel)             in language append on input line 1140.
Package babel Info: Redefining ngerman shorthand "|
(babel)             in language append on input line 1140.
Package babel Info: Redefining ngerman shorthand "~
(babel)             in language append on input line 1140.
[31]
Underfull \hbox (badness 10000) in paragraph at lines 1140--1141

 []

Package babel Info: Redefining ngerman shorthand "|
(babel)             in language append on input line 1171.
Package babel Info: Redefining ngerman shorthand "~
(babel)             in language append on input line 1171.
Package babel Info: Redefining ngerman shorthand "|
(babel)             in language append on input line 1171.
Package babel Info: Redefining ngerman shorthand "~
(babel)             in language append on input line 1171.
[32]
Package babel Info: Redefining ngerman shorthand "|
(babel)             in language append on input line 1194.
Package babel Info: Redefining ngerman shorthand "~
(babel)             in language append on input line 1194.
Package babel Info: Redefining ngerman shorthand "|
(babel)             in language append on input line 1200.
Package babel Info: Redefining ngerman shorthand "~
(babel)             in language append on input line 1200.
Package babel Info: Redefining ngerman shorthand "|
(babel)             in language append on input line 1200.
Package babel Info: Redefining ngerman shorthand "~
(babel)             in language append on input line 1200.
 [33]
Package babel Info: Redefining ngerman shorthand "|
(babel)             in language append on input line 1236.
Package babel Info: Redefining ngerman shorthand "~
(babel)             in language append on input line 1236.
Package babel Info: Redefining ngerman shorthand "|
(babel)             in language append on input line 1239.
Package babel Info: Redefining ngerman shorthand "~
(babel)             in language append on input line 1239.
Package babel Info: Redefining ngerman shorthand "|
(babel)             in language append on input line 1239.
Package babel Info: Redefining ngerman shorthand "~
(babel)             in language append on input line 1239.
 [34]
Package babel Info: Redefining ngerman shorthand "|
(babel)             in language append on input line 1261.
Package babel Info: Redefining ngerman shorthand "~
(babel)             in language append on input line 1261.
Package babel Info: Redefining ngerman shorthand "|
(babel)             in language append on input line 1262.
Package babel Info: Redefining ngerman shorthand "~
(babel)             in language append on input line 1262.
Package babel Info: Redefining ngerman shorthand "|
(babel)             in language append on input line 1271.
Package babel Info: Redefining ngerman shorthand "~
(babel)             in language append on input line 1271.
Package babel Info: Redefining ngerman shorthand "|
(babel)             in language append on input line 1271.
Package babel Info: Redefining ngerman shorthand "~
(babel)             in language append on input line 1271.
 [35]
Package babel Info: Redefining ngerman shorthand "|
(babel)             in language append on input line 1303.
Package babel Info: Redefining ngerman shorthand "~
(babel)             in language append on input line 1303.
Package babel Info: Redefining ngerman shorthand "|
(babel)             in language append on input line 1303.
Package babel Info: Redefining ngerman shorthand "~
(babel)             in language append on input line 1303.
 [36]
Package babel Info: Redefining ngerman shorthand "|
(babel)             in language append on input line 1343.
Package babel Info: Redefining ngerman shorthand "~
(babel)             in language append on input line 1343.
Package babel Info: Redefining ngerman shorthand "|
(babel)             in language append on input line 1343.
Package babel Info: Redefining ngerman shorthand "~
(babel)             in language append on input line 1343.
 [37]
Package babel Info: Redefining ngerman shorthand "|
(babel)             in language append on input line 1372.
Package babel Info: Redefining ngerman shorthand "~
(babel)             in language append on input line 1372.
Package babel Info: Redefining ngerman shorthand "|
(babel)             in language append on input line 1372.
Package babel Info: Redefining ngerman shorthand "~
(babel)             in language append on input line 1372.
 [38]
Package babel Info: Redefining ngerman shorthand "|
(babel)             in language append on input line 1412.
Package babel Info: Redefining ngerman shorthand "~
(babel)             in language append on input line 1412.
Package babel Info: Redefining ngerman shorthand "|
(babel)             in language append on input line 1412.
Package babel Info: Redefining ngerman shorthand "~
(babel)             in language append on input line 1412.
 [39]
Package babel Info: Redefining ngerman shorthand "|
(babel)             in language append on input line 1415.
Package babel Info: Redefining ngerman shorthand "~
(babel)             in language append on input line 1415.
Package babel Info: Redefining ngerman shorthand "|
(babel)             in language append on input line 1450.
Package babel Info: Redefining ngerman shorthand "~
(babel)             in language append on input line 1450.
Package babel Info: Redefining ngerman shorthand "|
(babel)             in language append on input line 1450.
Package babel Info: Redefining ngerman shorthand "~
(babel)             in language append on input line 1450.
 [40]
Underfull \hbox (badness 10000) in paragraph at lines 1482--1485

 []

Package babel Info: Redefining ngerman shorthand "|
(babel)             in language append on input line 1489.
Package babel Info: Redefining ngerman shorthand "~
(babel)             in language append on input line 1489.
Package babel Info: Redefining ngerman shorthand "|
(babel)             in language append on input line 1489.
Package babel Info: Redefining ngerman shorthand "~
(babel)             in language append on input line 1489.
[41]
Package babel Info: Redefining ngerman shorthand "|
(babel)             in language append on input line 1496.
Package babel Info: Redefining ngerman shorthand "~
(babel)             in language append on input line 1496.
Package babel Info: Redefining ngerman shorthand "|
(babel)             in language append on input line 1526.
Package babel Info: Redefining ngerman shorthand "~
(babel)             in language append on input line 1526.
Package babel Info: Redefining ngerman shorthand "|
(babel)             in language append on input line 1526.
Package babel Info: Redefining ngerman shorthand "~
(babel)             in language append on input line 1526.
 [42]
Package babel Info: Redefining ngerman shorthand "|
(babel)             in language append on input line 1566.
Package babel Info: Redefining ngerman shorthand "~
(babel)             in language append on input line 1566.
Package babel Info: Redefining ngerman shorthand "|
(babel)             in language append on input line 1566.
Package babel Info: Redefining ngerman shorthand "~
(babel)             in language append on input line 1566.
 [43]
Package babel Info: Redefining ngerman shorthand "|
(babel)             in language append on input line 1598.
Package babel Info: Redefining ngerman shorthand "~
(babel)             in language append on input line 1598.
Package babel Info: Redefining ngerman shorthand "|
(babel)             in language append on input line 1598.
Package babel Info: Redefining ngerman shorthand "~
(babel)             in language append on input line 1598.
 [44]
Package babel Info: Redefining ngerman shorthand "|
(babel)             in language append on input line 1602.
Package babel Info: Redefining ngerman shorthand "~
(babel)             in language append on input line 1602.
Package babel Info: Redefining ngerman shorthand "|
(babel)             in language append on input line 1626.
Package babel Info: Redefining ngerman shorthand "~
(babel)             in language append on input line 1626.
Package babel Info: Redefining ngerman shorthand "|
(babel)             in language append on input line 1626.
Package babel Info: Redefining ngerman shorthand "~
(babel)             in language append on input line 1626.
 [45]
Package babel Info: Redefining ngerman shorthand "|
(babel)             in language append on input line 1664.
Package babel Info: Redefining ngerman shorthand "~
(babel)             in language append on input line 1664.
Package babel Info: Redefining ngerman shorthand "|
(babel)             in language append on input line 1664.
Package babel Info: Redefining ngerman shorthand "~
(babel)             in language append on input line 1664.
 [46]
Package babel Info: Redefining ngerman shorthand "|
(babel)             in language append on input line 1677.
Package babel Info: Redefining ngerman shorthand "~
(babel)             in language append on input line 1677.
Package babel Info: Redefining ngerman shorthand "|
(babel)             in language append on input line 1677.
Package babel Info: Redefining ngerman shorthand "~
(babel)             in language append on input line 1677.
 [47]
Kapitel 6.
Package babel Info: Redefining ngerman shorthand "|
(babel)             in language append on input line 1677.
Package babel Info: Redefining ngerman shorthand "~
(babel)             in language append on input line 1677.
Package babel Info: Redefining ngerman shorthand "|
(babel)             in language append on input line 1678.
Package babel Info: Redefining ngerman shorthand "~
(babel)             in language append on input line 1678.
Package babel Info: Redefining ngerman shorthand "|
(babel)             in language append on input line 1700.
Package babel Info: Redefining ngerman shorthand "~
(babel)             in language append on input line 1700.
Package babel Info: Redefining ngerman shorthand "|
(babel)             in language append on input line 1700.
Package babel Info: Redefining ngerman shorthand "~
(babel)             in language append on input line 1700.
[48

]
Package babel Info: Redefining ngerman shorthand "|
(babel)             in language append on input line 1707.
Package babel Info: Redefining ngerman shorthand "~
(babel)             in language append on input line 1707.
Package babel Info: Redefining ngerman shorthand "|
(babel)             in language append on input line 1716.
Package babel Info: Redefining ngerman shorthand "~
(babel)             in language append on input line 1716.
Package babel Info: Redefining ngerman shorthand "|
(babel)             in language append on input line 1716.
Package babel Info: Redefining ngerman shorthand "~
(babel)             in language append on input line 1716.
 [49]
Package babel Info: Redefining ngerman shorthand "|
(babel)             in language append on input line 1752.
Package babel Info: Redefining ngerman shorthand "~
(babel)             in language append on input line 1752.
Package babel Info: Redefining ngerman shorthand "|
(babel)             in language append on input line 1752.
Package babel Info: Redefining ngerman shorthand "~
(babel)             in language append on input line 1752.
 [50]
Package babel Info: Redefining ngerman shorthand "|
(babel)             in language append on input line 1760.
Package babel Info: Redefining ngerman shorthand "~
(babel)             in language append on input line 1760.

Underfull \hbox (badness 10000) in paragraph at lines 1763--1767

 []

Package babel Info: Redefining ngerman shorthand "|
(babel)             in language append on input line 1784.
Package babel Info: Redefining ngerman shorthand "~
(babel)             in language append on input line 1784.
Package babel Info: Redefining ngerman shorthand "|
(babel)             in language append on input line 1784.
Package babel Info: Redefining ngerman shorthand "~
(babel)             in language append on input line 1784.
[51]
Package babel Info: Redefining ngerman shorthand "|
(babel)             in language append on input line 1804.
Package babel Info: Redefining ngerman shorthand "~
(babel)             in language append on input line 1804.
Package babel Info: Redefining ngerman shorthand "|
(babel)             in language append on input line 1827.
Package babel Info: Redefining ngerman shorthand "~
(babel)             in language append on input line 1827.
Package babel Info: Redefining ngerman shorthand "|
(babel)             in language append on input line 1827.
Package babel Info: Redefining ngerman shorthand "~
(babel)             in language append on input line 1827.
 [52]
Package babel Info: Redefining ngerman shorthand "|
(babel)             in language append on input line 1870.
Package babel Info: Redefining ngerman shorthand "~
(babel)             in language append on input line 1870.
Package babel Info: Redefining ngerman shorthand "|
(babel)             in language append on input line 1870.
Package babel Info: Redefining ngerman shorthand "~
(babel)             in language append on input line 1870.
 [53]
Package babel Info: Redefining ngerman shorthand "|
(babel)             in language append on input line 1915.
Package babel Info: Redefining ngerman shorthand "~
(babel)             in language append on input line 1915.
Package babel Info: Redefining ngerman shorthand "|
(babel)             in language append on input line 1915.
Package babel Info: Redefining ngerman shorthand "~
(babel)             in language append on input line 1915.
 [54]
Package babel Info: Redefining ngerman shorthand "|
(babel)             in language append on input line 1958.
Package babel Info: Redefining ngerman shorthand "~
(babel)             in language append on input line 1958.
Package babel Info: Redefining ngerman shorthand "|
(babel)             in language append on input line 1958.
Package babel Info: Redefining ngerman shorthand "~
(babel)             in language append on input line 1958.
 [55]
Package babel Info: Redefining ngerman shorthand "|
(babel)             in language append on input line 1995.
Package babel Info: Redefining ngerman shorthand "~
(babel)             in language append on input line 1995.
Package babel Info: Redefining ngerman shorthand "|
(babel)             in language append on input line 1995.
Package babel Info: Redefining ngerman shorthand "~
(babel)             in language append on input line 1995.
 [56]
Package atveryend Info: Empty hook `BeforeClearDocument' on input line 2011.
Package babel Info: Redefining ngerman shorthand "|
(babel)             in language append on input line 2011.
Package babel Info: Redefining ngerman shorthand "~
(babel)             in language append on input line 2011.
Package babel Info: Redefining ngerman shorthand "|
(babel)             in language append on input line 2011.
Package babel Info: Redefining ngerman shorthand "~
(babel)             in language append on input line 2011.
 [57]
Package atveryend Info: Empty hook `AfterLastShipout' on input line 2011.
 (./NICHTLINEARE_REGELUNGSTECHNIK_2.aux)
Package atveryend Info: Executing hook `AtVeryEndDocument' on input line 2011.
Package atveryend Info: Executing hook `AtEndAfterFileList' on input line 2011.

Package rerunfilecheck Info: File `NICHTLINEARE_REGELUNGSTECHNIK_2.out' has not
 changed.
(rerunfilecheck)             Checksum: CDFDDA01213AC93BCF458A227C8B00A2;2706.


LaTeX Font Warning: Some font shapes were not available, defaults substituted.

 ) 
Here is how much of TeX's memory you used:
 14457 strings out of 493089
 253848 string characters out of 6134841
 540826 words of memory out of 5000000
 17423 multiletter control sequences out of 15000+600000
 32993 words of font info for 90 fonts, out of 8000000 for 9000
 1141 hyphenation exceptions out of 8191
 49i,28n,72p,1161b,708s stack positions out of 5000i,500n,10000p,200000b,80000s
{/usr/local/texlive/2015/texmf-dist/fonts/enc/dvips/cm-super/cm-super-t1.enc}
</usr/local/texlive/2015/texmf-dist/fonts/type1/public/amsfonts/cm/cmex10.pfb><
/usr/local/texlive/2015/texmf-dist/fonts/type1/public/amsfonts/cm/cmmi10.pfb></
usr/local/texlive/2015/texmf-dist/fonts/type1/public/amsfonts/cm/cmmi12.pfb></u
sr/local/texlive/2015/texmf-dist/fonts/type1/public/amsfonts/cm/cmmi6.pfb></usr
/local/texlive/2015/texmf-dist/fonts/type1/public/amsfonts/cm/cmmi8.pfb></usr/l
ocal/texlive/2015/texmf-dist/fonts/type1/public/amsfonts/cm/cmr10.pfb></usr/loc
al/texlive/2015/texmf-dist/fonts/type1/public/amsfonts/cm/cmr6.pfb></usr/local/
texlive/2015/texmf-dist/fonts/type1/public/amsfonts/cm/cmr8.pfb></usr/local/tex
live/2015/texmf-dist/fonts/type1/public/amsfonts/cm/cmsy10.pfb></usr/local/texl
ive/2015/texmf-dist/fonts/type1/public/amsfonts/cm/cmsy6.pfb></usr/local/texliv
e/2015/texmf-dist/fonts/type1/public/amsfonts/cm/cmsy7.pfb></usr/local/texlive/
2015/texmf-dist/fonts/type1/public/amsfonts/cm/cmsy8.pfb></usr/local/texlive/20
15/texmf-dist/fonts/type1/public/hfbright/hfbrbs10.pfb></usr/local/texlive/2015
/texmf-dist/fonts/type1/public/hfbright/hfbrbs8.pfb></usr/local/texlive/2015/te
xmf-dist/fonts/type1/public/cm-super/sfsi1095.pfb></usr/local/texlive/2015/texm
f-dist/fonts/type1/public/cm-super/sfss0600.pfb></usr/local/texlive/2015/texmf-
dist/fonts/type1/public/cm-super/sfss0800.pfb></usr/local/texlive/2015/texmf-di
st/fonts/type1/public/cm-super/sfss0900.pfb></usr/local/texlive/2015/texmf-dist
/fonts/type1/public/cm-super/sfss1000.pfb></usr/local/texlive/2015/texmf-dist/f
onts/type1/public/cm-super/sfss1095.pfb></usr/local/texlive/2015/texmf-dist/fon
ts/type1/public/cm-super/sfss1200.pfb></usr/local/texlive/2015/texmf-dist/fonts
/type1/public/cm-super/sfsx0900.pfb></usr/local/texlive/2015/texmf-dist/fonts/t
ype1/public/cm-super/sfsx1095.pfb></usr/local/texlive/2015/texmf-dist/fonts/typ
e1/public/cm-super/sfsx1200.pfb></usr/local/texlive/2015/texmf-dist/fonts/type1
/public/cm-super/sfsx1440.pfb></usr/local/texlive/2015/texmf-dist/fonts/type1/p
ublic/cm-super/sfsx2488.pfb>
Output written on NICHTLINEARE_REGELUNGSTECHNIK_2.pdf (57 pages, 679491 bytes).

PDF statistics:
 816 PDF objects out of 1000 (max. 8388607)
 708 compressed objects within 8 object streams
 275 named destinations out of 1000 (max. 500000)
 348 words of extra memory for PDF output out of 10000 (max. 10000000)

