\BOOKMARK [0][-]{title.0}{Titelblatt}{}% 1
\BOOKMARK [0][-]{toc.0}{Inhaltsverzeichnis}{}% 2
\BOOKMARK [0][-]{chapter.1}{Einf\374hrung}{}% 3
\BOOKMARK [1][-]{section.1.1}{Systembeschreibung, Einf\374hrungsbeispiele}{chapter.1}% 4
\BOOKMARK [0][-]{chapter.2}{Grundlagen}{}% 5
\BOOKMARK [1][-]{section.2.1}{Lineare Algebra}{chapter.2}% 6
\BOOKMARK [1][-]{section.2.2}{Felder und Ableitungen}{chapter.2}% 7
\BOOKMARK [1][-]{section.2.3}{Vektorfelder und Fl\374\337e}{chapter.2}% 8
\BOOKMARK [0][-]{chapter.3}{Differentialgeometrische Begriffe}{}% 9
\BOOKMARK [1][-]{section.3.1}{Differentialoperatoren}{chapter.3}% 10
\BOOKMARK [2][-]{subsection.3.1.1}{Lie-Ableitung eines Skalarfeldes}{section.3.1}% 11
\BOOKMARK [2][-]{subsection.3.1.2}{Koordinateenwechsel eines Vektorfeldes}{section.3.1}% 12
\BOOKMARK [2][-]{subsection.3.1.3}{Lie-Ableitung eines Vektorfeldes}{section.3.1}% 13
\BOOKMARK [2][-]{subsection.3.1.4}{Pull-Back und Lie-Ableitung eines Kovektorfeldes}{section.3.1}% 14
\BOOKMARK [1][-]{section.3.2}{Lie-Klammer und dynamische Systeme}{chapter.3}% 15
\BOOKMARK [1][-]{section.3.3}{Distributionen und Kodistributionen}{chapter.3}% 16
\BOOKMARK [1][-]{section.3.4}{Involitive Distributionen}{chapter.3}% 17
\BOOKMARK [0][-]{chapter.4}{\374bersprungen}{}% 18
\BOOKMARK [0][-]{chapter.5}{Reglerentwurf mittels exakter Linearisierung}{}% 19
\BOOKMARK [1][-]{section.5.1}{Eingangs-Ausgangs-Linearisierung eingangsaffiner Systeme}{chapter.5}% 20
\BOOKMARK [2][-]{subsection.5.1.1}{Relativer Grad und grunds\344tzliches Vorgehen}{section.5.1}% 21
\BOOKMARK [2][-]{subsection.5.1.2}{Byrnes-Isidori Normalform}{section.5.1}% 22
\BOOKMARK [2][-]{subsection.5.1.3}{Stabilisierung einer Ruhelage}{section.5.1}% 23
\BOOKMARK [2][-]{subsection.5.1.4}{Stabilisierung in eine Ausgangstrajektorie}{section.5.1}% 24
\BOOKMARK [1][-]{section.5.2}{Eingangs-Ausgangs-Linearisierung f\374r allg. nichtlineare Systeme}{chapter.5}% 25
\BOOKMARK [2][-]{subsection.5.2.1}{Relativer Grad und Eingangs-Ausgangs-Normalform}{section.5.2}% 26
\BOOKMARK [2][-]{subsection.5.2.2}{Byrnes-Isidori-NF f\374r nicht eingangsaffine Systeme}{section.5.2}% 27
\BOOKMARK [1][-]{section.5.3}{Exakte Eingangs-Zustands-Linearisierung}{chapter.5}% 28
\BOOKMARK [1][-]{section.5.4}{Relativer Grad und Flachheit im Eingr\366\337enfall}{chapter.5}% 29
\BOOKMARK [0][-]{chapter.6}{Beobachterentwurf}{}% 30
\BOOKMARK [1][-]{section.6.1}{Beobachtbarkeit}{chapter.6}% 31
\BOOKMARK [1][-]{section.6.2}{High-Gain-Beobachter f\374r autonome Systeme}{chapter.6}% 32
\BOOKMARK [1][-]{section.6.3}{High-Gain-Beobachter f\374r nichtautonome Systeme}{chapter.6}% 33
\BOOKMARK [1][-]{section.6.4}{Exakte Linearisierung des Beobachtungsfehlers}{chapter.6}% 34
